TN:
SF:C:\Users\Femi Alayesanmi\Desktop\Projects\Banka-new\banka\server/index.js
FN:22,(anonymous_0)
FNF:1
FNH:1
FNDA:1,(anonymous_0)
DA:2,1
DA:3,1
DA:4,1
DA:5,1
DA:7,1
DA:9,1
DA:13,1
DA:14,1
DA:17,1
DA:18,1
DA:20,1
DA:22,1
DA:24,1
LF:13
LH:13
BRF:0
BRH:0
end_of_record
TN:
SF:C:\Users\Femi Alayesanmi\Desktop\Projects\Banka-new\banka\server\config/config.js
FNF:0
FNH:0
DA:1,1
LF:1
LH:1
BRF:0
BRH:0
end_of_record
TN:
SF:C:\Users\Femi Alayesanmi\Desktop\Projects\Banka-new\banka\server\controllers/account.controllers.js
FNF:0
FNH:0
DA:1,1
DA:2,1
DA:3,1
DA:115,1
LF:4
LH:4
BRF:0
BRH:0
end_of_record
TN:
SF:C:\Users\Femi Alayesanmi\Desktop\Projects\Banka-new\banka\server\controllers/users.auth.controllers.js
FNF:0
FNH:0
DA:1,1
DA:2,1
DA:76,1
LF:3
LH:3
BRF:0
BRH:0
end_of_record
TN:
SF:C:\Users\Femi Alayesanmi\Desktop\Projects\Banka-new\banka\server\helpers/statusCodes.js
FNF:0
FNH:0
DA:1,1
LF:1
LH:1
BRF:0
BRH:0
end_of_record
TN:
SF:C:\Users\Femi Alayesanmi\Desktop\Projects\Banka-new\banka\server\helpers/tokenOperations.js
FNF:0
FNH:0
DA:2,1
DA:3,1
DA:4,1
DA:32,1
LF:4
LH:4
BRF:0
BRH:0
end_of_record
TN:
SF:C:\Users\Femi Alayesanmi\Desktop\Projects\Banka-new\banka\server\middlewares/authentication.js
FN:4,verifyToken
FNF:1
FNH:1
FNDA:7,verifyToken
DA:1,1
DA:2,1
DA:4,1
DA:6,7
DA:7,7
DA:8,6
DA:9,6
DA:10,0
DA:13,6
DA:14,6
DA:15,0
DA:17,6
DA:18,6
DA:20,1
DA:24,1
LF:15
LH:13
BRDA:6,0,0,7
BRDA:6,0,1,7
BRDA:6,0,2,7
BRDA:6,0,3,7
BRDA:6,0,4,7
BRDA:7,1,0,6
BRDA:7,1,1,1
BRDA:9,2,0,0
BRDA:9,2,1,6
BRDA:14,3,0,0
BRDA:14,3,1,6
BRF:11
BRH:9
end_of_record
TN:
SF:C:\Users\Femi Alayesanmi\Desktop\Projects\Banka-new\banka\server\middlewares\validations/account.validations.js
FNF:0
FNH:0
DA:2,1
DA:30,4
DA:31,2
DA:79,4
DA:80,0
DA:82,4
DA:83,2
DA:85,4
DA:86,2
DA:99,1
LF:10
LH:9
BRDA:28,0,0,2
BRDA:28,0,1,2
BRDA:28,1,0,4
BRDA:28,1,1,2
BRDA:30,2,0,2
BRDA:30,2,1,2
BRDA:75,3,0,2
BRDA:75,3,1,2
BRDA:75,4,0,4
BRDA:75,4,1,3
BRDA:76,5,0,4
BRDA:76,5,1,2
BRDA:77,6,0,4
BRDA:77,6,1,0
BRDA:79,7,0,0
BRDA:79,7,1,4
BRDA:79,8,0,4
BRDA:79,8,1,4
BRDA:82,9,0,2
BRDA:82,9,1,2
BRDA:82,10,0,4
BRDA:82,10,1,2
BRDA:85,11,0,2
BRDA:85,11,1,2
BRF:24
BRH:22
end_of_record
TN:
SF:C:\Users\Femi Alayesanmi\Desktop\Projects\Banka-new\banka\server\middlewares\validations/trimInputs.js
FN:3,trimInput
FNF:1
FNH:1
FNDA:10,trimInput
DA:3,1
DA:4,10
DA:5,24
DA:8,10
DA:11,1
LF:5
LH:5
BRDA:6,0,0,24
BRDA:6,0,1,0
BRF:2
BRH:1
end_of_record
TN:
SF:C:\Users\Femi Alayesanmi\Desktop\Projects\Banka-new\banka\server\middlewares\validations/users.validations.js
FNF:0
FNH:0
DA:3,1
DA:28,5
DA:29,1
DA:31,5
DA:32,1
DA:34,5
DA:35,0
DA:38,5
DA:39,5
DA:40,5
DA:41,5
DA:42,1
DA:46,5
DA:47,3
DA:49,5
DA:50,2
DA:51,0
DA:76,6
DA:77,2
DA:79,6
DA:80,1
DA:92,1
LF:22
LH:20
BRDA:23,0,0,5
BRDA:23,0,1,0
BRDA:24,1,0,5
BRDA:24,1,1,0
BRDA:25,2,0,5
BRDA:25,2,1,0
BRDA:26,3,0,3
BRDA:26,3,1,2
BRDA:28,4,0,1
BRDA:28,4,1,4
BRDA:28,5,0,5
BRDA:28,5,1,4
BRDA:31,6,0,1
BRDA:31,6,1,4
BRDA:31,7,0,5
BRDA:31,7,1,4
BRDA:34,8,0,0
BRDA:34,8,1,5
BRDA:34,9,0,5
BRDA:34,9,1,5
BRDA:38,10,0,5
BRDA:38,10,1,0
BRDA:41,11,0,1
BRDA:41,11,1,4
BRDA:46,12,0,3
BRDA:46,12,1,2
BRDA:46,13,0,5
BRDA:46,13,1,2
BRDA:49,14,0,2
BRDA:49,14,1,3
BRDA:50,15,0,0
BRDA:50,15,1,2
BRDA:50,16,0,2
BRDA:50,16,1,2
BRDA:73,17,0,5
BRDA:73,17,1,1
BRDA:74,18,0,6
BRDA:74,18,1,0
BRDA:76,19,0,2
BRDA:76,19,1,4
BRDA:76,20,0,6
BRDA:76,20,1,4
BRDA:79,21,0,1
BRDA:79,21,1,5
BRDA:79,22,0,6
BRDA:79,22,1,5
BRF:46
BRH:39
end_of_record
TN:
SF:C:\Users\Femi Alayesanmi\Desktop\Projects\Banka-new\banka\server\routes/accounts.route.js
FNF:0
FNH:0
DA:2,1
DA:3,1
DA:4,1
DA:5,1
DA:6,1
DA:8,1
DA:10,1
DA:13,1
DA:16,1
DA:18,1
LF:10
LH:10
BRF:0
BRH:0
end_of_record
TN:
SF:C:\Users\Femi Alayesanmi\Desktop\Projects\Banka-new\banka\server\routes/user.auth.routes.js
FNF:0
FNH:0
DA:1,1
DA:2,1
DA:3,1
DA:4,1
DA:6,1
DA:8,1
DA:10,1
DA:12,1
LF:8
LH:8
BRF:0
BRH:0
end_of_record
TN:
SF:C:\Users\Femi Alayesanmi\Desktop\Projects\Banka-new\banka\server\services/account.services.js
FN:22,(anonymous_5)
FN:84,(anonymous_14)
FN:100,(anonymous_19)
FNF:3
FNH:3
FNDA:3,(anonymous_5)
FNDA:3,(anonymous_14)
FNDA:3,(anonymous_19)
DA:1,1
DA:2,1
DA:3,1
DA:4,1
DA:5,1
DA:22,3
DA:58,1
DA:84,3
DA:88,1
DA:100,3
DA:104,1
DA:110,1
LF:12
LH:12
BRF:0
BRH:0
end_of_record
TN:
SF:C:\Users\Femi Alayesanmi\Desktop\Projects\Banka-new\banka\server\services/user.auth.services.js
FN:23,(anonymous_5)
FN:69,(anonymous_10)
FNF:2
FNH:2
FNDA:9,(anonymous_5)
FNDA:17,(anonymous_10)
DA:2,1
DA:3,1
DA:4,1
DA:23,9
DA:32,1
DA:34,1
DA:36,1
DA:38,1
DA:69,17
DA:131,1
LF:10
LH:10
BRDA:69,0,0,17
BRDA:69,0,1,3
BRF:2
BRH:2
end_of_record
TN:
SF:C:\Users\Femi Alayesanmi\Desktop\Projects\Banka-new\banka\server\services/user.services.js
FN:31,(anonymous_9)
FNF:1
FNH:1
FNDA:8,(anonymous_9)
DA:1,1
DA:31,8
DA:39,1
LF:3
LH:3
BRF:0
BRH:0
end_of_record
TN:
SF:C:\Users\Femi Alayesanmi\Desktop\Projects\Banka-new\banka\server\test/accounts_test.js
FN:10,(anonymous_0)
FN:57,(anonymous_1)
FN:58,(anonymous_2)
FN:62,(anonymous_3)
FN:73,(anonymous_4)
FN:74,(anonymous_5)
FN:79,(anonymous_6)
FN:88,(anonymous_7)
FN:89,(anonymous_8)
FN:94,(anonymous_9)
FN:104,(anonymous_10)
FN:105,(anonymous_11)
FN:110,(anonymous_12)
FN:119,(anonymous_13)
FN:120,(anonymous_14)
FN:125,(anonymous_15)
FN:134,(anonymous_16)
FN:135,(anonymous_17)
FN:140,(anonymous_18)
FN:149,(anonymous_19)
FN:150,(anonymous_20)
FN:154,(anonymous_21)
FN:164,(anonymous_22)
FN:165,(anonymous_23)
FN:170,(anonymous_24)
FN:179,(anonymous_25)
FN:180,(anonymous_26)
FN:185,(anonymous_27)
FN:194,(anonymous_28)
FN:195,(anonymous_29)
FN:200,(anonymous_30)
FN:209,(anonymous_31)
FN:210,(anonymous_32)
FN:215,(anonymous_33)
FN:224,(anonymous_34)
FN:225,(anonymous_35)
FN:230,(anonymous_36)
FN:239,(anonymous_37)
FN:240,(anonymous_38)
FN:243,(anonymous_39)
FN:252,(anonymous_40)
FN:253,(anonymous_41)
FN:257,(anonymous_42)
FN:266,(anonymous_43)
FN:267,(anonymous_44)
FN:271,(anonymous_45)
FNF:46
FNH:46
FNDA:1,(anonymous_0)
FNDA:1,(anonymous_1)
FNDA:1,(anonymous_2)
FNDA:1,(anonymous_3)
FNDA:1,(anonymous_4)
FNDA:1,(anonymous_5)
FNDA:1,(anonymous_6)
FNDA:1,(anonymous_7)
FNDA:1,(anonymous_8)
FNDA:1,(anonymous_9)
FNDA:1,(anonymous_10)
FNDA:1,(anonymous_11)
FNDA:1,(anonymous_12)
FNDA:1,(anonymous_13)
FNDA:1,(anonymous_14)
FNDA:1,(anonymous_15)
FNDA:1,(anonymous_16)
FNDA:1,(anonymous_17)
FNDA:1,(anonymous_18)
FNDA:1,(anonymous_19)
FNDA:1,(anonymous_20)
FNDA:1,(anonymous_21)
FNDA:1,(anonymous_22)
FNDA:1,(anonymous_23)
FNDA:1,(anonymous_24)
FNDA:1,(anonymous_25)
FNDA:1,(anonymous_26)
FNDA:1,(anonymous_27)
FNDA:1,(anonymous_28)
FNDA:1,(anonymous_29)
FNDA:1,(anonymous_30)
FNDA:1,(anonymous_31)
FNDA:1,(anonymous_32)
FNDA:1,(anonymous_33)
FNDA:1,(anonymous_34)
FNDA:1,(anonymous_35)
FNDA:1,(anonymous_36)
FNDA:1,(anonymous_37)
FNDA:1,(anonymous_38)
FNDA:1,(anonymous_39)
FNDA:1,(anonymous_40)
FNDA:1,(anonymous_41)
FNDA:1,(anonymous_42)
FNDA:1,(anonymous_43)
FNDA:1,(anonymous_44)
FNDA:1,(anonymous_45)
DA:2,1
DA:3,1
DA:4,1
DA:6,1
DA:8,1
DA:10,1
DA:11,1
DA:57,1
DA:58,1
DA:59,1
DA:63,1
DA:64,1
DA:65,1
DA:66,1
DA:67,1
DA:73,1
DA:74,1
DA:75,1
DA:80,1
DA:81,1
DA:82,1
DA:83,1
DA:88,1
DA:89,1
DA:90,1
DA:95,1
DA:96,1
DA:97,1
DA:98,1
DA:104,1
DA:105,1
DA:106,1
DA:111,1
DA:112,1
DA:113,1
DA:114,1
DA:119,1
DA:120,1
DA:121,1
DA:126,1
DA:127,1
DA:128,1
DA:129,1
DA:134,1
DA:135,1
DA:136,1
DA:141,1
DA:142,1
DA:143,1
DA:144,1
DA:149,1
DA:150,1
DA:151,1
DA:155,1
DA:156,1
DA:157,1
DA:158,1
DA:159,1
DA:164,1
DA:165,1
DA:166,1
DA:171,1
DA:172,1
DA:173,1
DA:174,1
DA:179,1
DA:180,1
DA:181,1
DA:186,1
DA:187,1
DA:188,1
DA:189,1
DA:194,1
DA:195,1
DA:196,1
DA:201,1
DA:202,1
DA:203,1
DA:204,1
DA:209,1
DA:210,1
DA:211,1
DA:216,1
DA:217,1
DA:218,1
DA:219,1
DA:224,1
DA:225,1
DA:226,1
DA:231,1
DA:232,1
DA:233,1
DA:234,1
DA:239,1
DA:240,1
DA:241,1
DA:244,1
DA:245,1
DA:246,1
DA:247,1
DA:252,1
DA:253,1
DA:254,1
DA:258,1
DA:259,1
DA:260,1
DA:261,1
DA:266,1
DA:267,1
DA:268,1
DA:272,1
DA:273,1
DA:274,1
DA:275,1
LF:114
LH:114
BRF:0
BRH:0
end_of_record
TN:
SF:C:\Users\Femi Alayesanmi\Desktop\Projects\Banka-new\banka\server\test/auth_user_test.js
FN:9,(anonymous_0)
FN:56,(anonymous_1)
FN:57,(anonymous_2)
FN:61,(anonymous_3)
FN:70,(anonymous_4)
FN:71,(anonymous_5)
FN:75,(anonymous_6)
FN:84,(anonymous_7)
FN:85,(anonymous_8)
FN:89,(anonymous_9)
FN:98,(anonymous_10)
FN:99,(anonymous_11)
FN:103,(anonymous_12)
FN:112,(anonymous_13)
FN:113,(anonymous_14)
FN:117,(anonymous_15)
FN:126,(anonymous_16)
FN:127,(anonymous_17)
FN:131,(anonymous_18)
FN:140,(anonymous_19)
FN:141,(anonymous_20)
FN:145,(anonymous_21)
FN:154,(anonymous_22)
FN:155,(anonymous_23)
FN:159,(anonymous_24)
FN:168,(anonymous_25)
FN:169,(anonymous_26)
FN:173,(anonymous_27)
FNF:28
FNH:28
FNDA:1,(anonymous_0)
FNDA:1,(anonymous_1)
FNDA:1,(anonymous_2)
FNDA:1,(anonymous_3)
FNDA:1,(anonymous_4)
FNDA:1,(anonymous_5)
FNDA:1,(anonymous_6)
FNDA:1,(anonymous_7)
FNDA:1,(anonymous_8)
FNDA:1,(anonymous_9)
FNDA:1,(anonymous_10)
FNDA:1,(anonymous_11)
FNDA:1,(anonymous_12)
FNDA:1,(anonymous_13)
FNDA:1,(anonymous_14)
FNDA:1,(anonymous_15)
FNDA:1,(anonymous_16)
FNDA:1,(anonymous_17)
FNDA:1,(anonymous_18)
FNDA:1,(anonymous_19)
FNDA:1,(anonymous_20)
FNDA:1,(anonymous_21)
FNDA:1,(anonymous_22)
FNDA:1,(anonymous_23)
FNDA:1,(anonymous_24)
FNDA:1,(anonymous_25)
FNDA:1,(anonymous_26)
FNDA:1,(anonymous_27)
DA:2,1
DA:3,1
DA:4,1
DA:6,1
DA:9,1
DA:10,1
DA:56,1
DA:57,1
DA:58,1
DA:62,1
DA:63,1
DA:64,1
DA:65,1
DA:70,1
DA:71,1
DA:72,1
DA:76,1
DA:77,1
DA:78,1
DA:79,1
DA:84,1
DA:85,1
DA:86,1
DA:90,1
DA:91,1
DA:92,1
DA:93,1
DA:98,1
DA:99,1
DA:100,1
DA:104,1
DA:105,1
DA:106,1
DA:107,1
DA:112,1
DA:113,1
DA:114,1
DA:118,1
DA:119,1
DA:120,1
DA:121,1
DA:126,1
DA:127,1
DA:128,1
DA:132,1
DA:133,1
DA:134,1
DA:135,1
DA:140,1
DA:141,1
DA:142,1
DA:146,1
DA:147,1
DA:148,1
DA:149,1
DA:154,1
DA:155,1
DA:156,1
DA:160,1
DA:161,1
DA:162,1
DA:163,1
DA:168,1
DA:169,1
DA:170,1
DA:174,1
DA:175,1
DA:176,1
DA:177,1
LF:69
LH:69
BRF:0
BRH:0
end_of_record
TN:
SF:C:\Users\Femi Alayesanmi\Desktop\Projects\Banka-new\banka\server\utils/accounts.data.js
FNF:0
FNH:0
DA:1,1
LF:1
LH:1
BRF:0
BRH:0
end_of_record
TN:
SF:C:\Users\Femi Alayesanmi\Desktop\Projects\Banka-new\banka\server\utils/dateFormat.js
FN:1,getDate
FNF:1
FNH:1
FNDA:1,getDate
DA:1,1
DA:2,1
DA:3,1
DA:6,1
LF:4
LH:4
BRF:0
BRH:0
end_of_record
TN:
SF:C:\Users\Femi Alayesanmi\Desktop\Projects\Banka-new\banka\server\utils/generateBAN.js
FN:4,generateBAN
FN:12,(anonymous_1)
FNF:2
FNH:2
FNDA:1,generateBAN
FNDA:1,(anonymous_1)
DA:2,1
DA:4,1
DA:5,1
DA:6,1
DA:8,1
DA:9,8
DA:12,1
DA:13,1
DA:14,0
DA:16,1
DA:18,1
LF:11
LH:10
BRDA:13,0,0,0
BRDA:13,0,1,1
BRF:2
BRH:1
end_of_record
TN:
SF:C:\Users\Femi Alayesanmi\Desktop\Projects\Banka-new\banka\server\utils/users.data.js
FNF:0
FNH:0
DA:1,1
LF:1
LH:1
BRF:0
BRH:0
end_of_record
