{"C:\\Users\\Femi Alayesanmi\\Desktop\\Projects\\Banka-new\\banka\\server\\test\\accounts_test.js":{"path":"C:\\Users\\Femi Alayesanmi\\Desktop\\Projects\\Banka-new\\banka\\server\\test\\accounts_test.js","statementMap":{"0":{"start":{"line":3,"column":29},"end":{"line":3,"column":84}},"1":{"start":{"line":5,"column":30},"end":{"line":5,"column":86}},"2":{"start":{"line":7,"column":12},"end":{"line":7,"column":52}},"3":{"start":{"line":9,"column":16},"end":{"line":9,"column":60}},"4":{"start":{"line":11,"column":13},"end":{"line":11,"column":56}},"5":{"start":{"line":14,"column":0},"end":{"line":14,"column":43}},"6":{"start":{"line":16,"column":12},"end":{"line":16,"column":14}},"7":{"start":{"line":17,"column":0},"end":{"line":214,"column":3}},"8":{"start":{"line":18,"column":20},"end":{"line":61,"column":3}},"9":{"start":{"line":62,"column":2},"end":{"line":72,"column":5}},"10":{"start":{"line":63,"column":4},"end":{"line":71,"column":7}},"11":{"start":{"line":64,"column":6},"end":{"line":70,"column":9}},"12":{"start":{"line":65,"column":8},"end":{"line":65,"column":55}},"13":{"start":{"line":66,"column":8},"end":{"line":66,"column":61}},"14":{"start":{"line":67,"column":8},"end":{"line":67,"column":51}},"15":{"start":{"line":68,"column":8},"end":{"line":68,"column":36}},"16":{"start":{"line":69,"column":8},"end":{"line":69,"column":15}},"17":{"start":{"line":73,"column":2},"end":{"line":82,"column":5}},"18":{"start":{"line":74,"column":4},"end":{"line":81,"column":7}},"19":{"start":{"line":75,"column":6},"end":{"line":80,"column":9}},"20":{"start":{"line":76,"column":8},"end":{"line":76,"column":55}},"21":{"start":{"line":77,"column":8},"end":{"line":77,"column":61}},"22":{"start":{"line":78,"column":8},"end":{"line":78,"column":51}},"23":{"start":{"line":79,"column":8},"end":{"line":79,"column":15}},"24":{"start":{"line":83,"column":2},"end":{"line":92,"column":5}},"25":{"start":{"line":84,"column":4},"end":{"line":91,"column":7}},"26":{"start":{"line":85,"column":6},"end":{"line":90,"column":9}},"27":{"start":{"line":86,"column":8},"end":{"line":86,"column":55}},"28":{"start":{"line":87,"column":8},"end":{"line":87,"column":63}},"29":{"start":{"line":88,"column":8},"end":{"line":88,"column":51}},"30":{"start":{"line":89,"column":8},"end":{"line":89,"column":15}},"31":{"start":{"line":93,"column":2},"end":{"line":102,"column":5}},"32":{"start":{"line":94,"column":4},"end":{"line":101,"column":7}},"33":{"start":{"line":95,"column":6},"end":{"line":100,"column":9}},"34":{"start":{"line":96,"column":8},"end":{"line":96,"column":55}},"35":{"start":{"line":97,"column":8},"end":{"line":97,"column":63}},"36":{"start":{"line":98,"column":8},"end":{"line":98,"column":51}},"37":{"start":{"line":99,"column":8},"end":{"line":99,"column":15}},"38":{"start":{"line":103,"column":2},"end":{"line":112,"column":5}},"39":{"start":{"line":104,"column":4},"end":{"line":111,"column":7}},"40":{"start":{"line":105,"column":6},"end":{"line":110,"column":9}},"41":{"start":{"line":106,"column":8},"end":{"line":106,"column":55}},"42":{"start":{"line":107,"column":8},"end":{"line":107,"column":63}},"43":{"start":{"line":108,"column":8},"end":{"line":108,"column":51}},"44":{"start":{"line":109,"column":8},"end":{"line":109,"column":15}},"45":{"start":{"line":113,"column":2},"end":{"line":122,"column":5}},"46":{"start":{"line":114,"column":4},"end":{"line":121,"column":7}},"47":{"start":{"line":115,"column":6},"end":{"line":120,"column":9}},"48":{"start":{"line":116,"column":8},"end":{"line":116,"column":55}},"49":{"start":{"line":117,"column":8},"end":{"line":117,"column":63}},"50":{"start":{"line":118,"column":8},"end":{"line":118,"column":51}},"51":{"start":{"line":119,"column":8},"end":{"line":119,"column":15}},"52":{"start":{"line":123,"column":2},"end":{"line":133,"column":5}},"53":{"start":{"line":124,"column":4},"end":{"line":132,"column":7}},"54":{"start":{"line":125,"column":6},"end":{"line":131,"column":9}},"55":{"start":{"line":126,"column":8},"end":{"line":126,"column":55}},"56":{"start":{"line":127,"column":8},"end":{"line":127,"column":61}},"57":{"start":{"line":128,"column":8},"end":{"line":128,"column":51}},"58":{"start":{"line":129,"column":8},"end":{"line":129,"column":36}},"59":{"start":{"line":130,"column":8},"end":{"line":130,"column":15}},"60":{"start":{"line":134,"column":2},"end":{"line":143,"column":5}},"61":{"start":{"line":135,"column":4},"end":{"line":142,"column":7}},"62":{"start":{"line":136,"column":6},"end":{"line":141,"column":9}},"63":{"start":{"line":137,"column":8},"end":{"line":137,"column":55}},"64":{"start":{"line":138,"column":8},"end":{"line":138,"column":63}},"65":{"start":{"line":139,"column":8},"end":{"line":139,"column":51}},"66":{"start":{"line":140,"column":8},"end":{"line":140,"column":15}},"67":{"start":{"line":144,"column":2},"end":{"line":153,"column":5}},"68":{"start":{"line":145,"column":4},"end":{"line":152,"column":7}},"69":{"start":{"line":146,"column":6},"end":{"line":151,"column":9}},"70":{"start":{"line":147,"column":8},"end":{"line":147,"column":55}},"71":{"start":{"line":148,"column":8},"end":{"line":148,"column":63}},"72":{"start":{"line":149,"column":8},"end":{"line":149,"column":51}},"73":{"start":{"line":150,"column":8},"end":{"line":150,"column":15}},"74":{"start":{"line":154,"column":2},"end":{"line":163,"column":5}},"75":{"start":{"line":155,"column":4},"end":{"line":162,"column":7}},"76":{"start":{"line":156,"column":6},"end":{"line":161,"column":9}},"77":{"start":{"line":157,"column":8},"end":{"line":157,"column":55}},"78":{"start":{"line":158,"column":8},"end":{"line":158,"column":63}},"79":{"start":{"line":159,"column":8},"end":{"line":159,"column":51}},"80":{"start":{"line":160,"column":8},"end":{"line":160,"column":15}},"81":{"start":{"line":164,"column":2},"end":{"line":173,"column":5}},"82":{"start":{"line":165,"column":4},"end":{"line":172,"column":7}},"83":{"start":{"line":166,"column":6},"end":{"line":171,"column":9}},"84":{"start":{"line":167,"column":8},"end":{"line":167,"column":55}},"85":{"start":{"line":168,"column":8},"end":{"line":168,"column":63}},"86":{"start":{"line":169,"column":8},"end":{"line":169,"column":51}},"87":{"start":{"line":170,"column":8},"end":{"line":170,"column":15}},"88":{"start":{"line":174,"column":2},"end":{"line":183,"column":5}},"89":{"start":{"line":175,"column":4},"end":{"line":182,"column":7}},"90":{"start":{"line":176,"column":6},"end":{"line":181,"column":9}},"91":{"start":{"line":177,"column":8},"end":{"line":177,"column":55}},"92":{"start":{"line":178,"column":8},"end":{"line":178,"column":61}},"93":{"start":{"line":179,"column":8},"end":{"line":179,"column":51}},"94":{"start":{"line":180,"column":8},"end":{"line":180,"column":15}},"95":{"start":{"line":184,"column":2},"end":{"line":193,"column":5}},"96":{"start":{"line":185,"column":4},"end":{"line":192,"column":7}},"97":{"start":{"line":186,"column":6},"end":{"line":191,"column":9}},"98":{"start":{"line":187,"column":8},"end":{"line":187,"column":55}},"99":{"start":{"line":188,"column":8},"end":{"line":188,"column":62}},"100":{"start":{"line":189,"column":8},"end":{"line":189,"column":51}},"101":{"start":{"line":190,"column":8},"end":{"line":190,"column":15}},"102":{"start":{"line":194,"column":2},"end":{"line":203,"column":5}},"103":{"start":{"line":195,"column":4},"end":{"line":202,"column":7}},"104":{"start":{"line":196,"column":6},"end":{"line":201,"column":9}},"105":{"start":{"line":197,"column":8},"end":{"line":197,"column":55}},"106":{"start":{"line":198,"column":8},"end":{"line":198,"column":63}},"107":{"start":{"line":199,"column":8},"end":{"line":199,"column":51}},"108":{"start":{"line":200,"column":8},"end":{"line":200,"column":15}},"109":{"start":{"line":204,"column":2},"end":{"line":213,"column":5}},"110":{"start":{"line":205,"column":4},"end":{"line":212,"column":7}},"111":{"start":{"line":206,"column":6},"end":{"line":211,"column":9}},"112":{"start":{"line":207,"column":8},"end":{"line":207,"column":55}},"113":{"start":{"line":208,"column":8},"end":{"line":208,"column":61}},"114":{"start":{"line":209,"column":8},"end":{"line":209,"column":51}},"115":{"start":{"line":210,"column":8},"end":{"line":210,"column":15}}},"fnMap":{"0":{"name":"(anonymous_0)","decl":{"start":{"line":17,"column":45},"end":{"line":17,"column":46}},"loc":{"start":{"line":17,"column":57},"end":{"line":214,"column":1}},"line":17},"1":{"name":"(anonymous_1)","decl":{"start":{"line":62,"column":40},"end":{"line":62,"column":41}},"loc":{"start":{"line":62,"column":52},"end":{"line":72,"column":3}},"line":62},"2":{"name":"(anonymous_2)","decl":{"start":{"line":63,"column":44},"end":{"line":63,"column":45}},"loc":{"start":{"line":63,"column":60},"end":{"line":71,"column":5}},"line":63},"3":{"name":"(anonymous_3)","decl":{"start":{"line":64,"column":106},"end":{"line":64,"column":107}},"loc":{"start":{"line":64,"column":126},"end":{"line":70,"column":7}},"line":64},"4":{"name":"(anonymous_4)","decl":{"start":{"line":73,"column":37},"end":{"line":73,"column":38}},"loc":{"start":{"line":73,"column":49},"end":{"line":82,"column":3}},"line":73},"5":{"name":"(anonymous_5)","decl":{"start":{"line":74,"column":50},"end":{"line":74,"column":51}},"loc":{"start":{"line":74,"column":66},"end":{"line":81,"column":5}},"line":74},"6":{"name":"(anonymous_6)","decl":{"start":{"line":75,"column":133},"end":{"line":75,"column":134}},"loc":{"start":{"line":75,"column":153},"end":{"line":80,"column":7}},"line":75},"7":{"name":"(anonymous_7)","decl":{"start":{"line":83,"column":44},"end":{"line":83,"column":45}},"loc":{"start":{"line":83,"column":56},"end":{"line":92,"column":3}},"line":83},"8":{"name":"(anonymous_8)","decl":{"start":{"line":84,"column":56},"end":{"line":84,"column":57}},"loc":{"start":{"line":84,"column":72},"end":{"line":91,"column":5}},"line":84},"9":{"name":"(anonymous_9)","decl":{"start":{"line":85,"column":135},"end":{"line":85,"column":136}},"loc":{"start":{"line":85,"column":155},"end":{"line":90,"column":7}},"line":85},"10":{"name":"(anonymous_10)","decl":{"start":{"line":93,"column":60},"end":{"line":93,"column":61}},"loc":{"start":{"line":93,"column":72},"end":{"line":102,"column":3}},"line":93},"11":{"name":"(anonymous_11)","decl":{"start":{"line":94,"column":43},"end":{"line":94,"column":44}},"loc":{"start":{"line":94,"column":59},"end":{"line":101,"column":5}},"line":94},"12":{"name":"(anonymous_12)","decl":{"start":{"line":95,"column":136},"end":{"line":95,"column":137}},"loc":{"start":{"line":95,"column":156},"end":{"line":100,"column":7}},"line":95},"13":{"name":"(anonymous_13)","decl":{"start":{"line":103,"column":53},"end":{"line":103,"column":54}},"loc":{"start":{"line":103,"column":65},"end":{"line":112,"column":3}},"line":103},"14":{"name":"(anonymous_14)","decl":{"start":{"line":104,"column":48},"end":{"line":104,"column":49}},"loc":{"start":{"line":104,"column":64},"end":{"line":111,"column":5}},"line":104},"15":{"name":"(anonymous_15)","decl":{"start":{"line":105,"column":145},"end":{"line":105,"column":146}},"loc":{"start":{"line":105,"column":165},"end":{"line":110,"column":7}},"line":105},"16":{"name":"(anonymous_16)","decl":{"start":{"line":113,"column":74},"end":{"line":113,"column":75}},"loc":{"start":{"line":113,"column":86},"end":{"line":122,"column":3}},"line":113},"17":{"name":"(anonymous_17)","decl":{"start":{"line":114,"column":43},"end":{"line":114,"column":44}},"loc":{"start":{"line":114,"column":59},"end":{"line":121,"column":5}},"line":114},"18":{"name":"(anonymous_18)","decl":{"start":{"line":115,"column":147},"end":{"line":115,"column":148}},"loc":{"start":{"line":115,"column":167},"end":{"line":120,"column":7}},"line":115},"19":{"name":"(anonymous_19)","decl":{"start":{"line":123,"column":46},"end":{"line":123,"column":47}},"loc":{"start":{"line":123,"column":58},"end":{"line":133,"column":3}},"line":123},"20":{"name":"(anonymous_20)","decl":{"start":{"line":124,"column":32},"end":{"line":124,"column":33}},"loc":{"start":{"line":124,"column":48},"end":{"line":132,"column":5}},"line":124},"21":{"name":"(anonymous_21)","decl":{"start":{"line":125,"column":111},"end":{"line":125,"column":112}},"loc":{"start":{"line":125,"column":131},"end":{"line":131,"column":7}},"line":125},"22":{"name":"(anonymous_22)","decl":{"start":{"line":134,"column":92},"end":{"line":134,"column":93}},"loc":{"start":{"line":134,"column":104},"end":{"line":143,"column":3}},"line":134},"23":{"name":"(anonymous_23)","decl":{"start":{"line":135,"column":43},"end":{"line":135,"column":44}},"loc":{"start":{"line":135,"column":59},"end":{"line":142,"column":5}},"line":135},"24":{"name":"(anonymous_24)","decl":{"start":{"line":136,"column":151},"end":{"line":136,"column":152}},"loc":{"start":{"line":136,"column":171},"end":{"line":141,"column":7}},"line":136},"25":{"name":"(anonymous_25)","decl":{"start":{"line":144,"column":92},"end":{"line":144,"column":93}},"loc":{"start":{"line":144,"column":104},"end":{"line":153,"column":3}},"line":144},"26":{"name":"(anonymous_26)","decl":{"start":{"line":145,"column":43},"end":{"line":145,"column":44}},"loc":{"start":{"line":145,"column":59},"end":{"line":152,"column":5}},"line":145},"27":{"name":"(anonymous_27)","decl":{"start":{"line":146,"column":153},"end":{"line":146,"column":154}},"loc":{"start":{"line":146,"column":173},"end":{"line":151,"column":7}},"line":146},"28":{"name":"(anonymous_28)","decl":{"start":{"line":154,"column":92},"end":{"line":154,"column":93}},"loc":{"start":{"line":154,"column":104},"end":{"line":163,"column":3}},"line":154},"29":{"name":"(anonymous_29)","decl":{"start":{"line":155,"column":43},"end":{"line":155,"column":44}},"loc":{"start":{"line":155,"column":59},"end":{"line":162,"column":5}},"line":155},"30":{"name":"(anonymous_30)","decl":{"start":{"line":156,"column":153},"end":{"line":156,"column":154}},"loc":{"start":{"line":156,"column":173},"end":{"line":161,"column":7}},"line":156},"31":{"name":"(anonymous_31)","decl":{"start":{"line":164,"column":92},"end":{"line":164,"column":93}},"loc":{"start":{"line":164,"column":104},"end":{"line":173,"column":3}},"line":164},"32":{"name":"(anonymous_32)","decl":{"start":{"line":165,"column":43},"end":{"line":165,"column":44}},"loc":{"start":{"line":165,"column":59},"end":{"line":172,"column":5}},"line":165},"33":{"name":"(anonymous_33)","decl":{"start":{"line":166,"column":144},"end":{"line":166,"column":145}},"loc":{"start":{"line":166,"column":164},"end":{"line":171,"column":7}},"line":166},"34":{"name":"(anonymous_34)","decl":{"start":{"line":174,"column":78},"end":{"line":174,"column":79}},"loc":{"start":{"line":174,"column":90},"end":{"line":183,"column":3}},"line":174},"35":{"name":"(anonymous_35)","decl":{"start":{"line":175,"column":39},"end":{"line":175,"column":40}},"loc":{"start":{"line":175,"column":55},"end":{"line":182,"column":5}},"line":175},"36":{"name":"(anonymous_36)","decl":{"start":{"line":176,"column":148},"end":{"line":176,"column":149}},"loc":{"start":{"line":176,"column":168},"end":{"line":181,"column":7}},"line":176},"37":{"name":"(anonymous_37)","decl":{"start":{"line":184,"column":93},"end":{"line":184,"column":94}},"loc":{"start":{"line":184,"column":105},"end":{"line":193,"column":3}},"line":184},"38":{"name":"(anonymous_38)","decl":{"start":{"line":185,"column":43},"end":{"line":185,"column":44}},"loc":{"start":{"line":185,"column":59},"end":{"line":192,"column":5}},"line":185},"39":{"name":"(anonymous_39)","decl":{"start":{"line":186,"column":93},"end":{"line":186,"column":94}},"loc":{"start":{"line":186,"column":113},"end":{"line":191,"column":7}},"line":186},"40":{"name":"(anonymous_40)","decl":{"start":{"line":194,"column":98},"end":{"line":194,"column":99}},"loc":{"start":{"line":194,"column":110},"end":{"line":203,"column":3}},"line":194},"41":{"name":"(anonymous_41)","decl":{"start":{"line":195,"column":43},"end":{"line":195,"column":44}},"loc":{"start":{"line":195,"column":59},"end":{"line":202,"column":5}},"line":195},"42":{"name":"(anonymous_42)","decl":{"start":{"line":196,"column":117},"end":{"line":196,"column":118}},"loc":{"start":{"line":196,"column":137},"end":{"line":201,"column":7}},"line":196},"43":{"name":"(anonymous_43)","decl":{"start":{"line":204,"column":79},"end":{"line":204,"column":80}},"loc":{"start":{"line":204,"column":91},"end":{"line":213,"column":3}},"line":204},"44":{"name":"(anonymous_44)","decl":{"start":{"line":205,"column":43},"end":{"line":205,"column":44}},"loc":{"start":{"line":205,"column":59},"end":{"line":212,"column":5}},"line":205},"45":{"name":"(anonymous_45)","decl":{"start":{"line":206,"column":121},"end":{"line":206,"column":122}},"loc":{"start":{"line":206,"column":141},"end":{"line":211,"column":7}},"line":206}},"branchMap":{},"s":{"0":1,"1":1,"2":1,"3":1,"4":1,"5":1,"6":1,"7":1,"8":1,"9":1,"10":1,"11":1,"12":1,"13":1,"14":1,"15":1,"16":1,"17":1,"18":1,"19":1,"20":1,"21":1,"22":1,"23":1,"24":1,"25":1,"26":1,"27":1,"28":1,"29":1,"30":1,"31":1,"32":1,"33":1,"34":1,"35":1,"36":1,"37":1,"38":1,"39":1,"40":1,"41":1,"42":1,"43":1,"44":1,"45":1,"46":1,"47":1,"48":1,"49":1,"50":1,"51":1,"52":1,"53":1,"54":1,"55":1,"56":1,"57":1,"58":1,"59":1,"60":1,"61":1,"62":1,"63":1,"64":1,"65":1,"66":1,"67":1,"68":1,"69":1,"70":1,"71":1,"72":1,"73":1,"74":1,"75":1,"76":1,"77":1,"78":1,"79":1,"80":1,"81":1,"82":1,"83":1,"84":1,"85":1,"86":1,"87":1,"88":1,"89":1,"90":1,"91":1,"92":1,"93":1,"94":1,"95":1,"96":1,"97":1,"98":1,"99":1,"100":1,"101":1,"102":1,"103":1,"104":1,"105":1,"106":1,"107":1,"108":1,"109":1,"110":1,"111":1,"112":1,"113":1,"114":1,"115":1},"f":{"0":1,"1":1,"2":1,"3":1,"4":1,"5":1,"6":1,"7":1,"8":1,"9":1,"10":1,"11":1,"12":1,"13":1,"14":1,"15":1,"16":1,"17":1,"18":1,"19":1,"20":1,"21":1,"22":1,"23":1,"24":1,"25":1,"26":1,"27":1,"28":1,"29":1,"30":1,"31":1,"32":1,"33":1,"34":1,"35":1,"36":1,"37":1,"38":1,"39":1,"40":1,"41":1,"42":1,"43":1,"44":1,"45":1},"b":{},"_coverageSchema":"43e27e138ebf9cfc5966b082cf9a028302ed4184","hash":"59f2b50f5faa3801ac6063470c1aa5562f0e1dc1","contentHash":"1fee611d419bc366e75f6ebb712ad5379cdf56beba7ed7014e9edb0f92a05704"},"C:\\Users\\Femi Alayesanmi\\Desktop\\Projects\\Banka-new\\banka\\server\\index.js":{"path":"C:\\Users\\Femi Alayesanmi\\Desktop\\Projects\\Banka-new\\banka\\server\\index.js","statementMap":{"0":{"start":{"line":3,"column":29},"end":{"line":3,"column":84}},"1":{"start":{"line":5,"column":0},"end":{"line":7,"column":3}},"2":{"start":{"line":8,"column":0},"end":{"line":8,"column":28}},"3":{"start":{"line":10,"column":15},"end":{"line":10,"column":57}},"4":{"start":{"line":12,"column":18},"end":{"line":12,"column":64}},"5":{"start":{"line":14,"column":16},"end":{"line":14,"column":76}},"6":{"start":{"line":16,"column":16},"end":{"line":16,"column":74}},"7":{"start":{"line":18,"column":20},"end":{"line":18,"column":82}},"8":{"start":{"line":21,"column":0},"end":{"line":21,"column":27}},"9":{"start":{"line":23,"column":10},"end":{"line":23,"column":36}},"10":{"start":{"line":25,"column":0},"end":{"line":27,"column":4}},"11":{"start":{"line":28,"column":0},"end":{"line":28,"column":39}},"12":{"start":{"line":30,"column":0},"end":{"line":30,"column":46}},"13":{"start":{"line":31,"column":0},"end":{"line":31,"column":50}},"14":{"start":{"line":32,"column":0},"end":{"line":32,"column":58}},"15":{"start":{"line":33,"column":11},"end":{"line":33,"column":27}},"16":{"start":{"line":34,"column":0},"end":{"line":36,"column":3}},"17":{"start":{"line":35,"column":2},"end":{"line":35,"column":63}},"18":{"start":{"line":37,"column":15},"end":{"line":37,"column":18}},"19":{"start":{"line":38,"column":0},"end":{"line":38,"column":30}}},"fnMap":{"0":{"name":"(anonymous_0)","decl":{"start":{"line":34,"column":17},"end":{"line":34,"column":18}},"loc":{"start":{"line":34,"column":29},"end":{"line":36,"column":1}},"line":34}},"branchMap":{},"s":{"0":1,"1":1,"2":1,"3":1,"4":1,"5":1,"6":1,"7":1,"8":1,"9":1,"10":1,"11":1,"12":1,"13":1,"14":1,"15":1,"16":1,"17":1,"18":1,"19":1},"f":{"0":1},"b":{},"_coverageSchema":"43e27e138ebf9cfc5966b082cf9a028302ed4184","hash":"fb2907d8ce0135af8d70404736fb847138b78093","contentHash":"447bb431c0a0f52002d20c338a3d59a1ede53bd7fc7f8ac5acc9d9566f90d8a9"},"C:\\Users\\Femi Alayesanmi\\Desktop\\Projects\\Banka-new\\banka\\server\\routes\\user.auth.routes.js":{"path":"C:\\Users\\Femi Alayesanmi\\Desktop\\Projects\\Banka-new\\banka\\server\\routes\\user.auth.routes.js","statementMap":{"0":{"start":{"line":3,"column":29},"end":{"line":3,"column":84}},"1":{"start":{"line":5,"column":0},"end":{"line":7,"column":3}},"2":{"start":{"line":8,"column":0},"end":{"line":8,"column":28}},"3":{"start":{"line":10,"column":15},"end":{"line":10,"column":57}},"4":{"start":{"line":12,"column":17},"end":{"line":12,"column":89}},"5":{"start":{"line":14,"column":13},"end":{"line":14,"column":92}},"6":{"start":{"line":16,"column":18},"end":{"line":16,"column":90}},"7":{"start":{"line":18,"column":13},"end":{"line":18,"column":41}},"8":{"start":{"line":20,"column":0},"end":{"line":20,"column":123}},"9":{"start":{"line":21,"column":0},"end":{"line":21,"column":114}},"10":{"start":{"line":22,"column":15},"end":{"line":22,"column":21}},"11":{"start":{"line":23,"column":0},"end":{"line":23,"column":30}}},"fnMap":{},"branchMap":{},"s":{"0":1,"1":1,"2":1,"3":1,"4":1,"5":1,"6":1,"7":1,"8":1,"9":1,"10":1,"11":1},"f":{},"b":{},"_coverageSchema":"43e27e138ebf9cfc5966b082cf9a028302ed4184","hash":"c1adbb6ab5411d0d9b84a0e8eef788bc21bdfa0b","contentHash":"fa851384d5308050852854f94752368e76255cab87bdc46a849909d309c507aa"},"C:\\Users\\Femi Alayesanmi\\Desktop\\Projects\\Banka-new\\banka\\server\\controllers\\users.auth.controllers.js":{"path":"C:\\Users\\Femi Alayesanmi\\Desktop\\Projects\\Banka-new\\banka\\server\\controllers\\users.auth.controllers.js","statementMap":{"0":{"start":{"line":3,"column":29},"end":{"line":3,"column":84}},"1":{"start":{"line":5,"column":0},"end":{"line":7,"column":3}},"2":{"start":{"line":8,"column":0},"end":{"line":8,"column":28}},"3":{"start":{"line":10,"column":19},"end":{"line":10,"column":80}},"4":{"start":{"line":12,"column":25},"end":{"line":12,"column":99}},"5":{"start":{"line":14,"column":23},"end":{"line":14,"column":95}},"6":{"start":{"line":16,"column":20},"end":{"line":16,"column":89}},"7":{"start":{"line":18,"column":16},"end":{"line":18,"column":81}},"8":{"start":{"line":20,"column":19},"end":{"line":20,"column":76}},"9":{"start":{"line":29,"column":0},"end":{"line":164,"column":3}},"10":{"start":{"line":31,"column":4},"end":{"line":31,"column":60}},"11":{"start":{"line":34,"column":2},"end":{"line":162,"column":6}},"12":{"start":{"line":46,"column":24},"end":{"line":90,"column":9}},"13":{"start":{"line":50,"column":8},"end":{"line":89,"column":36}},"14":{"start":{"line":51,"column":10},"end":{"line":88,"column":11}},"15":{"start":{"line":52,"column":12},"end":{"line":87,"column":13}},"16":{"start":{"line":54,"column":16},"end":{"line":54,"column":34}},"17":{"start":{"line":55,"column":16},"end":{"line":55,"column":34}},"18":{"start":{"line":56,"column":16},"end":{"line":56,"column":65}},"19":{"start":{"line":59,"column":16},"end":{"line":59,"column":37}},"20":{"start":{"line":61,"column":16},"end":{"line":64,"column":17}},"21":{"start":{"line":62,"column":18},"end":{"line":62,"column":36}},"22":{"start":{"line":63,"column":18},"end":{"line":63,"column":24}},"23":{"start":{"line":66,"column":16},"end":{"line":69,"column":20}},"24":{"start":{"line":72,"column":16},"end":{"line":75,"column":20}},"25":{"start":{"line":78,"column":16},"end":{"line":78,"column":34}},"26":{"start":{"line":79,"column":16},"end":{"line":79,"column":51}},"27":{"start":{"line":80,"column":16},"end":{"line":82,"column":20}},"28":{"start":{"line":86,"column":16},"end":{"line":86,"column":39}},"29":{"start":{"line":93,"column":8},"end":{"line":93,"column":50}},"30":{"start":{"line":96,"column":6},"end":{"line":96,"column":24}},"31":{"start":{"line":110,"column":23},"end":{"line":154,"column":9}},"32":{"start":{"line":114,"column":8},"end":{"line":153,"column":37}},"33":{"start":{"line":115,"column":10},"end":{"line":152,"column":11}},"34":{"start":{"line":116,"column":12},"end":{"line":151,"column":13}},"35":{"start":{"line":118,"column":16},"end":{"line":118,"column":35}},"36":{"start":{"line":119,"column":16},"end":{"line":119,"column":35}},"37":{"start":{"line":120,"column":16},"end":{"line":120,"column":60}},"38":{"start":{"line":123,"column":16},"end":{"line":123,"column":38}},"39":{"start":{"line":125,"column":16},"end":{"line":128,"column":17}},"40":{"start":{"line":126,"column":18},"end":{"line":126,"column":37}},"41":{"start":{"line":127,"column":18},"end":{"line":127,"column":24}},"42":{"start":{"line":130,"column":16},"end":{"line":133,"column":20}},"43":{"start":{"line":136,"column":16},"end":{"line":139,"column":20}},"44":{"start":{"line":142,"column":16},"end":{"line":142,"column":35}},"45":{"start":{"line":143,"column":16},"end":{"line":143,"column":53}},"46":{"start":{"line":144,"column":16},"end":{"line":146,"column":20}},"47":{"start":{"line":150,"column":16},"end":{"line":150,"column":40}},"48":{"start":{"line":157,"column":8},"end":{"line":157,"column":49}},"49":{"start":{"line":160,"column":6},"end":{"line":160,"column":23}},"50":{"start":{"line":163,"column":2},"end":{"line":163,"column":25}},"51":{"start":{"line":166,"column":15},"end":{"line":166,"column":30}},"52":{"start":{"line":167,"column":0},"end":{"line":167,"column":30}}},"fnMap":{"0":{"name":"(anonymous_0)","decl":{"start":{"line":29,"column":0},"end":{"line":29,"column":1}},"loc":{"start":{"line":29,"column":12},"end":{"line":164,"column":1}},"line":29},"1":{"name":"UserControllers","decl":{"start":{"line":30,"column":11},"end":{"line":30,"column":26}},"loc":{"start":{"line":30,"column":29},"end":{"line":32,"column":3}},"line":30},"2":{"name":"(anonymous_2)","decl":{"start":{"line":45,"column":11},"end":{"line":45,"column":12}},"loc":{"start":{"line":45,"column":23},"end":{"line":97,"column":5}},"line":45},"3":{"name":"_callee","decl":{"start":{"line":48,"column":44},"end":{"line":48,"column":51}},"loc":{"start":{"line":48,"column":62},"end":{"line":90,"column":7}},"line":48},"4":{"name":"_callee$","decl":{"start":{"line":50,"column":53},"end":{"line":50,"column":61}},"loc":{"start":{"line":50,"column":72},"end":{"line":89,"column":9}},"line":50},"5":{"name":"createUser","decl":{"start":{"line":92,"column":15},"end":{"line":92,"column":25}},"loc":{"start":{"line":92,"column":35},"end":{"line":94,"column":7}},"line":92},"6":{"name":"(anonymous_6)","decl":{"start":{"line":109,"column":11},"end":{"line":109,"column":12}},"loc":{"start":{"line":109,"column":23},"end":{"line":161,"column":5}},"line":109},"7":{"name":"_callee2","decl":{"start":{"line":112,"column":44},"end":{"line":112,"column":52}},"loc":{"start":{"line":112,"column":63},"end":{"line":154,"column":7}},"line":112},"8":{"name":"_callee2$","decl":{"start":{"line":114,"column":53},"end":{"line":114,"column":62}},"loc":{"start":{"line":114,"column":74},"end":{"line":153,"column":9}},"line":114},"9":{"name":"loginUser","decl":{"start":{"line":156,"column":15},"end":{"line":156,"column":24}},"loc":{"start":{"line":156,"column":35},"end":{"line":158,"column":7}},"line":156}},"branchMap":{"0":{"loc":{"start":{"line":52,"column":12},"end":{"line":87,"column":13}},"type":"switch","locations":[{"start":{"line":53,"column":14},"end":{"line":56,"column":65}},{"start":{"line":58,"column":14},"end":{"line":69,"column":20}},{"start":{"line":71,"column":14},"end":{"line":75,"column":20}},{"start":{"line":77,"column":14},"end":{"line":82,"column":20}},{"start":{"line":84,"column":14},"end":{"line":84,"column":22}},{"start":{"line":85,"column":14},"end":{"line":86,"column":39}}],"line":52},"1":{"loc":{"start":{"line":61,"column":16},"end":{"line":64,"column":17}},"type":"if","locations":[{"start":{"line":61,"column":16},"end":{"line":64,"column":17}},{"start":{"line":61,"column":16},"end":{"line":64,"column":17}}],"line":61},"2":{"loc":{"start":{"line":116,"column":12},"end":{"line":151,"column":13}},"type":"switch","locations":[{"start":{"line":117,"column":14},"end":{"line":120,"column":60}},{"start":{"line":122,"column":14},"end":{"line":133,"column":20}},{"start":{"line":135,"column":14},"end":{"line":139,"column":20}},{"start":{"line":141,"column":14},"end":{"line":146,"column":20}},{"start":{"line":148,"column":14},"end":{"line":148,"column":22}},{"start":{"line":149,"column":14},"end":{"line":150,"column":40}}],"line":116},"3":{"loc":{"start":{"line":125,"column":16},"end":{"line":128,"column":17}},"type":"if","locations":[{"start":{"line":125,"column":16},"end":{"line":128,"column":17}},{"start":{"line":125,"column":16},"end":{"line":128,"column":17}}],"line":125}},"s":{"0":1,"1":1,"2":1,"3":1,"4":1,"5":1,"6":1,"7":1,"8":1,"9":1,"10":0,"11":1,"12":1,"13":2,"14":6,"15":7,"16":2,"17":2,"18":2,"19":2,"20":2,"21":1,"22":1,"23":1,"24":1,"25":0,"26":0,"27":0,"28":2,"29":2,"30":1,"31":1,"32":5,"33":15,"34":19,"35":5,"36":5,"37":5,"38":5,"39":5,"40":4,"41":4,"42":1,"43":4,"44":0,"45":0,"46":0,"47":5,"48":5,"49":1,"50":1,"51":1,"52":1},"f":{"0":1,"1":0,"2":1,"3":2,"4":6,"5":2,"6":1,"7":5,"8":15,"9":5},"b":{"0":[2,2,1,0,0,2],"1":[1,1],"2":[5,5,4,0,0,5],"3":[4,1]},"_coverageSchema":"43e27e138ebf9cfc5966b082cf9a028302ed4184","hash":"9e0bbd1f62940339e9aed8e7958143181940238f","contentHash":"c536c15b02f8f66e11bba614acd55630f10c8c708627446edcc1b796b48d3be2"},"C:\\Users\\Femi Alayesanmi\\Desktop\\Projects\\Banka-new\\banka\\server\\services\\user.auth.services.js":{"path":"C:\\Users\\Femi Alayesanmi\\Desktop\\Projects\\Banka-new\\banka\\server\\services\\user.auth.services.js","statementMap":{"0":{"start":{"line":3,"column":29},"end":{"line":3,"column":84}},"1":{"start":{"line":5,"column":0},"end":{"line":7,"column":3}},"2":{"start":{"line":8,"column":0},"end":{"line":8,"column":28}},"3":{"start":{"line":10,"column":19},"end":{"line":10,"column":80}},"4":{"start":{"line":12,"column":25},"end":{"line":12,"column":99}},"5":{"start":{"line":14,"column":23},"end":{"line":14,"column":95}},"6":{"start":{"line":16,"column":20},"end":{"line":16,"column":89}},"7":{"start":{"line":18,"column":13},"end":{"line":18,"column":70}},"8":{"start":{"line":20,"column":23},"end":{"line":20,"column":84}},"9":{"start":{"line":22,"column":14},"end":{"line":22,"column":65}},"10":{"start":{"line":33,"column":0},"end":{"line":278,"column":3}},"11":{"start":{"line":35,"column":4},"end":{"line":35,"column":56}},"12":{"start":{"line":38,"column":2},"end":{"line":276,"column":6}},"13":{"start":{"line":49,"column":24},"end":{"line":107,"column":9}},"14":{"start":{"line":53,"column":8},"end":{"line":106,"column":37}},"15":{"start":{"line":54,"column":10},"end":{"line":105,"column":11}},"16":{"start":{"line":55,"column":12},"end":{"line":104,"column":13}},"17":{"start":{"line":57,"column":16},"end":{"line":57,"column":34}},"18":{"start":{"line":58,"column":16},"end":{"line":60,"column":19}},"19":{"start":{"line":59,"column":18},"end":{"line":59,"column":51}},"20":{"start":{"line":62,"column":16},"end":{"line":65,"column":17}},"21":{"start":{"line":63,"column":18},"end":{"line":63,"column":36}},"22":{"start":{"line":64,"column":18},"end":{"line":64,"column":24}},"23":{"start":{"line":67,"column":16},"end":{"line":67,"column":56}},"24":{"start":{"line":70,"column":16},"end":{"line":70,"column":54}},"25":{"start":{"line":71,"column":16},"end":{"line":71,"column":62}},"26":{"start":{"line":72,"column":16},"end":{"line":72,"column":37}},"27":{"start":{"line":73,"column":16},"end":{"line":73,"column":37}},"28":{"start":{"line":74,"column":16},"end":{"line":74,"column":37}},"29":{"start":{"line":76,"column":16},"end":{"line":76,"column":45}},"30":{"start":{"line":78,"column":16},"end":{"line":78,"column":35}},"31":{"start":{"line":79,"column":16},"end":{"line":79,"column":54}},"32":{"start":{"line":82,"column":16},"end":{"line":82,"column":42}},"33":{"start":{"line":83,"column":16},"end":{"line":90,"column":18}},"34":{"start":{"line":91,"column":16},"end":{"line":91,"column":59}},"35":{"start":{"line":94,"column":16},"end":{"line":94,"column":35}},"36":{"start":{"line":95,"column":16},"end":{"line":95,"column":51}},"37":{"start":{"line":96,"column":16},"end":{"line":98,"column":18}},"38":{"start":{"line":99,"column":16},"end":{"line":99,"column":26}},"39":{"start":{"line":103,"column":16},"end":{"line":103,"column":39}},"40":{"start":{"line":110,"column":8},"end":{"line":110,"column":50}},"41":{"start":{"line":113,"column":6},"end":{"line":113,"column":24}},"42":{"start":{"line":126,"column":20},"end":{"line":175,"column":9}},"43":{"start":{"line":130,"column":8},"end":{"line":174,"column":38}},"44":{"start":{"line":131,"column":10},"end":{"line":173,"column":11}},"45":{"start":{"line":132,"column":12},"end":{"line":172,"column":13}},"46":{"start":{"line":134,"column":16},"end":{"line":134,"column":35}},"47":{"start":{"line":135,"column":16},"end":{"line":137,"column":19}},"48":{"start":{"line":136,"column":18},"end":{"line":136,"column":90}},"49":{"start":{"line":139,"column":16},"end":{"line":142,"column":17}},"50":{"start":{"line":140,"column":18},"end":{"line":140,"column":37}},"51":{"start":{"line":141,"column":18},"end":{"line":141,"column":24}},"52":{"start":{"line":144,"column":16},"end":{"line":144,"column":35}},"53":{"start":{"line":145,"column":16},"end":{"line":145,"column":59}},"54":{"start":{"line":148,"column":16},"end":{"line":148,"column":39}},"55":{"start":{"line":149,"column":16},"end":{"line":155,"column":18}},"56":{"start":{"line":156,"column":16},"end":{"line":156,"column":60}},"57":{"start":{"line":159,"column":16},"end":{"line":159,"column":57}},"58":{"start":{"line":162,"column":16},"end":{"line":162,"column":36}},"59":{"start":{"line":163,"column":16},"end":{"line":163,"column":53}},"60":{"start":{"line":164,"column":16},"end":{"line":166,"column":18}},"61":{"start":{"line":167,"column":16},"end":{"line":167,"column":26}},"62":{"start":{"line":171,"column":16},"end":{"line":171,"column":40}},"63":{"start":{"line":178,"column":8},"end":{"line":178,"column":46}},"64":{"start":{"line":181,"column":6},"end":{"line":181,"column":19}},"65":{"start":{"line":194,"column":33},"end":{"line":221,"column":9}},"66":{"start":{"line":198,"column":8},"end":{"line":220,"column":21}},"67":{"start":{"line":199,"column":10},"end":{"line":219,"column":11}},"68":{"start":{"line":200,"column":12},"end":{"line":218,"column":13}},"69":{"start":{"line":202,"column":16},"end":{"line":207,"column":18}},"70":{"start":{"line":208,"column":16},"end":{"line":208,"column":35}},"71":{"start":{"line":209,"column":16},"end":{"line":209,"column":97}},"72":{"start":{"line":212,"column":16},"end":{"line":212,"column":39}},"73":{"start":{"line":213,"column":16},"end":{"line":213,"column":57}},"74":{"start":{"line":217,"column":16},"end":{"line":217,"column":40}},"75":{"start":{"line":224,"column":8},"end":{"line":224,"column":59}},"76":{"start":{"line":227,"column":6},"end":{"line":227,"column":33}},"77":{"start":{"line":240,"column":33},"end":{"line":268,"column":9}},"78":{"start":{"line":244,"column":8},"end":{"line":267,"column":21}},"79":{"start":{"line":245,"column":10},"end":{"line":266,"column":11}},"80":{"start":{"line":246,"column":12},"end":{"line":265,"column":13}},"81":{"start":{"line":248,"column":16},"end":{"line":254,"column":18}},"82":{"start":{"line":255,"column":16},"end":{"line":255,"column":35}},"83":{"start":{"line":256,"column":16},"end":{"line":256,"column":97}},"84":{"start":{"line":259,"column":16},"end":{"line":259,"column":43}},"85":{"start":{"line":260,"column":16},"end":{"line":260,"column":61}},"86":{"start":{"line":264,"column":16},"end":{"line":264,"column":40}},"87":{"start":{"line":271,"column":8},"end":{"line":271,"column":59}},"88":{"start":{"line":274,"column":6},"end":{"line":274,"column":33}},"89":{"start":{"line":277,"column":2},"end":{"line":277,"column":21}},"90":{"start":{"line":280,"column":15},"end":{"line":280,"column":26}},"91":{"start":{"line":281,"column":0},"end":{"line":281,"column":30}}},"fnMap":{"0":{"name":"(anonymous_0)","decl":{"start":{"line":33,"column":0},"end":{"line":33,"column":1}},"loc":{"start":{"line":33,"column":12},"end":{"line":278,"column":1}},"line":33},"1":{"name":"AuthService","decl":{"start":{"line":34,"column":11},"end":{"line":34,"column":22}},"loc":{"start":{"line":34,"column":25},"end":{"line":36,"column":3}},"line":34},"2":{"name":"(anonymous_2)","decl":{"start":{"line":48,"column":11},"end":{"line":48,"column":12}},"loc":{"start":{"line":48,"column":23},"end":{"line":114,"column":5}},"line":48},"3":{"name":"_callee","decl":{"start":{"line":51,"column":44},"end":{"line":51,"column":51}},"loc":{"start":{"line":51,"column":58},"end":{"line":107,"column":7}},"line":51},"4":{"name":"_callee$","decl":{"start":{"line":53,"column":53},"end":{"line":53,"column":61}},"loc":{"start":{"line":53,"column":72},"end":{"line":106,"column":9}},"line":53},"5":{"name":"(anonymous_5)","decl":{"start":{"line":58,"column":52},"end":{"line":58,"column":53}},"loc":{"start":{"line":58,"column":68},"end":{"line":60,"column":17}},"line":58},"6":{"name":"createUser","decl":{"start":{"line":109,"column":15},"end":{"line":109,"column":25}},"loc":{"start":{"line":109,"column":30},"end":{"line":111,"column":7}},"line":109},"7":{"name":"(anonymous_7)","decl":{"start":{"line":125,"column":11},"end":{"line":125,"column":12}},"loc":{"start":{"line":125,"column":23},"end":{"line":182,"column":5}},"line":125},"8":{"name":"_callee2","decl":{"start":{"line":128,"column":44},"end":{"line":128,"column":52}},"loc":{"start":{"line":128,"column":61},"end":{"line":175,"column":7}},"line":128},"9":{"name":"_callee2$","decl":{"start":{"line":130,"column":53},"end":{"line":130,"column":62}},"loc":{"start":{"line":130,"column":74},"end":{"line":174,"column":9}},"line":130},"10":{"name":"(anonymous_10)","decl":{"start":{"line":135,"column":51},"end":{"line":135,"column":52}},"loc":{"start":{"line":135,"column":67},"end":{"line":137,"column":17}},"line":135},"11":{"name":"login","decl":{"start":{"line":177,"column":15},"end":{"line":177,"column":20}},"loc":{"start":{"line":177,"column":26},"end":{"line":179,"column":7}},"line":177},"12":{"name":"(anonymous_12)","decl":{"start":{"line":193,"column":11},"end":{"line":193,"column":12}},"loc":{"start":{"line":193,"column":23},"end":{"line":228,"column":5}},"line":193},"13":{"name":"_callee3","decl":{"start":{"line":196,"column":44},"end":{"line":196,"column":52}},"loc":{"start":{"line":196,"column":59},"end":{"line":221,"column":7}},"line":196},"14":{"name":"_callee3$","decl":{"start":{"line":198,"column":53},"end":{"line":198,"column":62}},"loc":{"start":{"line":198,"column":74},"end":{"line":220,"column":9}},"line":198},"15":{"name":"generateSignUpToken","decl":{"start":{"line":223,"column":15},"end":{"line":223,"column":34}},"loc":{"start":{"line":223,"column":40},"end":{"line":225,"column":7}},"line":223},"16":{"name":"(anonymous_16)","decl":{"start":{"line":239,"column":11},"end":{"line":239,"column":12}},"loc":{"start":{"line":239,"column":23},"end":{"line":275,"column":5}},"line":239},"17":{"name":"_callee4","decl":{"start":{"line":242,"column":44},"end":{"line":242,"column":52}},"loc":{"start":{"line":242,"column":59},"end":{"line":268,"column":7}},"line":242},"18":{"name":"_callee4$","decl":{"start":{"line":244,"column":53},"end":{"line":244,"column":62}},"loc":{"start":{"line":244,"column":74},"end":{"line":267,"column":9}},"line":244},"19":{"name":"generateSignInToken","decl":{"start":{"line":270,"column":15},"end":{"line":270,"column":34}},"loc":{"start":{"line":270,"column":40},"end":{"line":272,"column":7}},"line":270}},"branchMap":{"0":{"loc":{"start":{"line":55,"column":12},"end":{"line":104,"column":13}},"type":"switch","locations":[{"start":{"line":56,"column":14},"end":{"line":67,"column":56}},{"start":{"line":69,"column":14},"end":{"line":79,"column":54}},{"start":{"line":81,"column":14},"end":{"line":91,"column":59}},{"start":{"line":93,"column":14},"end":{"line":99,"column":26}},{"start":{"line":101,"column":14},"end":{"line":101,"column":22}},{"start":{"line":102,"column":14},"end":{"line":103,"column":39}}],"line":55},"1":{"loc":{"start":{"line":62,"column":16},"end":{"line":65,"column":17}},"type":"if","locations":[{"start":{"line":62,"column":16},"end":{"line":65,"column":17}},{"start":{"line":62,"column":16},"end":{"line":65,"column":17}}],"line":62},"2":{"loc":{"start":{"line":132,"column":12},"end":{"line":172,"column":13}},"type":"switch","locations":[{"start":{"line":133,"column":14},"end":{"line":145,"column":59}},{"start":{"line":147,"column":14},"end":{"line":156,"column":60}},{"start":{"line":158,"column":14},"end":{"line":159,"column":57}},{"start":{"line":161,"column":14},"end":{"line":167,"column":26}},{"start":{"line":169,"column":14},"end":{"line":169,"column":22}},{"start":{"line":170,"column":14},"end":{"line":171,"column":40}}],"line":132},"3":{"loc":{"start":{"line":136,"column":25},"end":{"line":136,"column":89}},"type":"binary-expr","locations":[{"start":{"line":136,"column":25},"end":{"line":136,"column":52}},{"start":{"line":136,"column":56},"end":{"line":136,"column":89}}],"line":136},"4":{"loc":{"start":{"line":139,"column":16},"end":{"line":142,"column":17}},"type":"if","locations":[{"start":{"line":139,"column":16},"end":{"line":142,"column":17}},{"start":{"line":139,"column":16},"end":{"line":142,"column":17}}],"line":139},"5":{"loc":{"start":{"line":200,"column":12},"end":{"line":218,"column":13}},"type":"switch","locations":[{"start":{"line":201,"column":14},"end":{"line":209,"column":97}},{"start":{"line":211,"column":14},"end":{"line":213,"column":57}},{"start":{"line":215,"column":14},"end":{"line":215,"column":21}},{"start":{"line":216,"column":14},"end":{"line":217,"column":40}}],"line":200},"6":{"loc":{"start":{"line":246,"column":12},"end":{"line":265,"column":13}},"type":"switch","locations":[{"start":{"line":247,"column":14},"end":{"line":256,"column":97}},{"start":{"line":258,"column":14},"end":{"line":260,"column":61}},{"start":{"line":262,"column":14},"end":{"line":262,"column":21}},{"start":{"line":263,"column":14},"end":{"line":264,"column":40}}],"line":246}},"s":{"0":1,"1":1,"2":1,"3":1,"4":1,"5":1,"6":1,"7":1,"8":1,"9":1,"10":1,"11":0,"12":1,"13":1,"14":2,"15":5,"16":6,"17":2,"18":2,"19":9,"20":2,"21":1,"22":1,"23":1,"24":1,"25":1,"26":1,"27":1,"28":1,"29":1,"30":1,"31":1,"32":1,"33":1,"34":1,"35":0,"36":0,"37":0,"38":0,"39":2,"40":2,"41":1,"42":1,"43":5,"44":14,"45":15,"46":5,"47":5,"48":20,"49":5,"50":1,"51":1,"52":4,"53":4,"54":4,"55":4,"56":4,"57":1,"58":0,"59":0,"60":0,"61":0,"62":5,"63":5,"64":1,"65":1,"66":1,"67":3,"68":3,"69":1,"70":1,"71":1,"72":1,"73":1,"74":1,"75":1,"76":1,"77":1,"78":4,"79":12,"80":12,"81":4,"82":4,"83":4,"84":4,"85":4,"86":4,"87":4,"88":1,"89":1,"90":1,"91":1},"f":{"0":1,"1":0,"2":1,"3":2,"4":5,"5":9,"6":2,"7":1,"8":5,"9":14,"10":20,"11":5,"12":1,"13":1,"14":3,"15":1,"16":1,"17":4,"18":12,"19":4},"b":{"0":[2,1,1,0,0,2],"1":[1,1],"2":[5,4,1,0,0,5],"3":[20,4],"4":[1,4],"5":[1,1,0,1],"6":[4,4,0,4]},"_coverageSchema":"43e27e138ebf9cfc5966b082cf9a028302ed4184","hash":"e72a23bd5378e7c675605a6c5e4d42b750361c13","contentHash":"22da5a7b2352ccd91fd12caedd3fde5e5eea25bad875c806c6f66ee9c4ce0ed2"},"C:\\Users\\Femi Alayesanmi\\Desktop\\Projects\\Banka-new\\banka\\server\\utils\\db\\users.data.js":{"path":"C:\\Users\\Femi Alayesanmi\\Desktop\\Projects\\Banka-new\\banka\\server\\utils\\db\\users.data.js","statementMap":{"0":{"start":{"line":3,"column":0},"end":{"line":5,"column":3}},"1":{"start":{"line":6,"column":0},"end":{"line":6,"column":28}},"2":{"start":{"line":7,"column":15},"end":{"line":39,"column":2}},"3":{"start":{"line":40,"column":0},"end":{"line":40,"column":30}}},"fnMap":{},"branchMap":{},"s":{"0":1,"1":1,"2":1,"3":1},"f":{},"b":{},"_coverageSchema":"43e27e138ebf9cfc5966b082cf9a028302ed4184","hash":"c5980bb391143a5ba26dfdeffce808c930e55c9f","contentHash":"61cd25cf03e3ed0585c2f6793e0c3440be99e6d4437708d2a9927bf197574c7c"},"C:\\Users\\Femi Alayesanmi\\Desktop\\Projects\\Banka-new\\banka\\server\\helpers\\tokenOperations.js":{"path":"C:\\Users\\Femi Alayesanmi\\Desktop\\Projects\\Banka-new\\banka\\server\\helpers\\tokenOperations.js","statementMap":{"0":{"start":{"line":3,"column":29},"end":{"line":3,"column":84}},"1":{"start":{"line":5,"column":0},"end":{"line":7,"column":3}},"2":{"start":{"line":8,"column":0},"end":{"line":8,"column":28}},"3":{"start":{"line":10,"column":19},"end":{"line":10,"column":80}},"4":{"start":{"line":12,"column":25},"end":{"line":12,"column":99}},"5":{"start":{"line":14,"column":23},"end":{"line":14,"column":95}},"6":{"start":{"line":16,"column":20},"end":{"line":16,"column":89}},"7":{"start":{"line":18,"column":20},"end":{"line":18,"column":67}},"8":{"start":{"line":20,"column":14},"end":{"line":20,"column":65}},"9":{"start":{"line":22,"column":19},"end":{"line":22,"column":67}},"10":{"start":{"line":34,"column":0},"end":{"line":107,"column":3}},"11":{"start":{"line":36,"column":4},"end":{"line":36,"column":60}},"12":{"start":{"line":39,"column":2},"end":{"line":105,"column":6}},"13":{"start":{"line":42,"column":19},"end":{"line":65,"column":9}},"14":{"start":{"line":46,"column":8},"end":{"line":64,"column":20}},"15":{"start":{"line":47,"column":10},"end":{"line":63,"column":11}},"16":{"start":{"line":48,"column":12},"end":{"line":62,"column":13}},"17":{"start":{"line":50,"column":16},"end":{"line":50,"column":34}},"18":{"start":{"line":51,"column":16},"end":{"line":53,"column":19}},"19":{"start":{"line":56,"column":16},"end":{"line":56,"column":42}},"20":{"start":{"line":57,"column":16},"end":{"line":57,"column":78}},"21":{"start":{"line":61,"column":16},"end":{"line":61,"column":39}},"22":{"start":{"line":68,"column":8},"end":{"line":68,"column":45}},"23":{"start":{"line":71,"column":6},"end":{"line":71,"column":19}},"24":{"start":{"line":76,"column":20},"end":{"line":97,"column":9}},"25":{"start":{"line":79,"column":8},"end":{"line":96,"column":37}},"26":{"start":{"line":80,"column":10},"end":{"line":95,"column":11}},"27":{"start":{"line":81,"column":12},"end":{"line":94,"column":13}},"28":{"start":{"line":83,"column":16},"end":{"line":83,"column":35}},"29":{"start":{"line":84,"column":16},"end":{"line":84,"column":120}},"30":{"start":{"line":87,"column":16},"end":{"line":87,"column":35}},"31":{"start":{"line":88,"column":16},"end":{"line":88,"column":53}},"32":{"start":{"line":89,"column":16},"end":{"line":89,"column":56}},"33":{"start":{"line":93,"column":16},"end":{"line":93,"column":40}},"34":{"start":{"line":100,"column":8},"end":{"line":100,"column":46}},"35":{"start":{"line":103,"column":6},"end":{"line":103,"column":20}},"36":{"start":{"line":106,"column":2},"end":{"line":106,"column":25}},"37":{"start":{"line":109,"column":15},"end":{"line":109,"column":30}},"38":{"start":{"line":110,"column":0},"end":{"line":110,"column":30}}},"fnMap":{"0":{"name":"(anonymous_0)","decl":{"start":{"line":34,"column":0},"end":{"line":34,"column":1}},"loc":{"start":{"line":34,"column":12},"end":{"line":107,"column":1}},"line":34},"1":{"name":"TokenOperations","decl":{"start":{"line":35,"column":11},"end":{"line":35,"column":26}},"loc":{"start":{"line":35,"column":29},"end":{"line":37,"column":3}},"line":35},"2":{"name":"(anonymous_2)","decl":{"start":{"line":41,"column":11},"end":{"line":41,"column":12}},"loc":{"start":{"line":41,"column":23},"end":{"line":72,"column":5}},"line":41},"3":{"name":"_callee","decl":{"start":{"line":44,"column":44},"end":{"line":44,"column":51}},"loc":{"start":{"line":44,"column":69},"end":{"line":65,"column":7}},"line":44},"4":{"name":"_callee$","decl":{"start":{"line":46,"column":53},"end":{"line":46,"column":61}},"loc":{"start":{"line":46,"column":72},"end":{"line":64,"column":9}},"line":46},"5":{"name":"token","decl":{"start":{"line":67,"column":15},"end":{"line":67,"column":20}},"loc":{"start":{"line":67,"column":30},"end":{"line":69,"column":7}},"line":67},"6":{"name":"(anonymous_6)","decl":{"start":{"line":75,"column":11},"end":{"line":75,"column":12}},"loc":{"start":{"line":75,"column":23},"end":{"line":104,"column":5}},"line":75},"7":{"name":"_callee2","decl":{"start":{"line":78,"column":44},"end":{"line":78,"column":52}},"loc":{"start":{"line":78,"column":60},"end":{"line":97,"column":7}},"line":78},"8":{"name":"_callee2$","decl":{"start":{"line":79,"column":53},"end":{"line":79,"column":62}},"loc":{"start":{"line":79,"column":74},"end":{"line":96,"column":9}},"line":79},"9":{"name":"verify","decl":{"start":{"line":99,"column":15},"end":{"line":99,"column":21}},"loc":{"start":{"line":99,"column":27},"end":{"line":101,"column":7}},"line":99}},"branchMap":{"0":{"loc":{"start":{"line":48,"column":12},"end":{"line":62,"column":13}},"type":"switch","locations":[{"start":{"line":49,"column":14},"end":{"line":53,"column":19}},{"start":{"line":55,"column":14},"end":{"line":57,"column":78}},{"start":{"line":59,"column":14},"end":{"line":59,"column":21}},{"start":{"line":60,"column":14},"end":{"line":61,"column":39}}],"line":48},"1":{"loc":{"start":{"line":81,"column":12},"end":{"line":94,"column":13}},"type":"switch","locations":[{"start":{"line":82,"column":14},"end":{"line":84,"column":120}},{"start":{"line":86,"column":14},"end":{"line":89,"column":56}},{"start":{"line":91,"column":14},"end":{"line":91,"column":21}},{"start":{"line":92,"column":14},"end":{"line":93,"column":40}}],"line":81}},"s":{"0":1,"1":1,"2":1,"3":1,"4":1,"5":1,"6":1,"7":1,"8":1,"9":1,"10":1,"11":0,"12":1,"13":1,"14":5,"15":15,"16":15,"17":5,"18":5,"19":5,"20":5,"21":5,"22":5,"23":1,"24":1,"25":11,"26":22,"27":22,"28":11,"29":11,"30":0,"31":0,"32":0,"33":11,"34":11,"35":1,"36":1,"37":1,"38":1},"f":{"0":1,"1":0,"2":1,"3":5,"4":15,"5":5,"6":1,"7":11,"8":22,"9":11},"b":{"0":[5,5,0,5],"1":[11,0,0,11]},"_coverageSchema":"43e27e138ebf9cfc5966b082cf9a028302ed4184","hash":"24311b69269cffa7cda77cf4e9220aba18dcfc68","contentHash":"39dd37b8bf4e1a421446feb59fb5e2f71eab0926bd21239d9dc7e863990e4b23"},"C:\\Users\\Femi Alayesanmi\\Desktop\\Projects\\Banka-new\\banka\\server\\config\\config.js":{"path":"C:\\Users\\Femi Alayesanmi\\Desktop\\Projects\\Banka-new\\banka\\server\\config\\config.js","statementMap":{"0":{"start":{"line":3,"column":0},"end":{"line":5,"column":3}},"1":{"start":{"line":6,"column":0},"end":{"line":6,"column":28}},"2":{"start":{"line":7,"column":15},"end":{"line":9,"column":1}},"3":{"start":{"line":10,"column":0},"end":{"line":10,"column":30}}},"fnMap":{},"branchMap":{},"s":{"0":1,"1":1,"2":1,"3":1},"f":{},"b":{},"_coverageSchema":"43e27e138ebf9cfc5966b082cf9a028302ed4184","hash":"32f333bcd548d7c4351ffb6af3b196637e1b9efd","contentHash":"3f4fe0bcb95cbd1da55c3546d70d594aab3b0aac88827da23328bb7465e26c06"},"C:\\Users\\Femi Alayesanmi\\Desktop\\Projects\\Banka-new\\banka\\server\\helpers\\statusCodes.js":{"path":"C:\\Users\\Femi Alayesanmi\\Desktop\\Projects\\Banka-new\\banka\\server\\helpers\\statusCodes.js","statementMap":{"0":{"start":{"line":3,"column":0},"end":{"line":5,"column":3}},"1":{"start":{"line":6,"column":0},"end":{"line":6,"column":28}},"2":{"start":{"line":7,"column":15},"end":{"line":17,"column":1}},"3":{"start":{"line":18,"column":0},"end":{"line":18,"column":30}}},"fnMap":{},"branchMap":{},"s":{"0":1,"1":1,"2":1,"3":1},"f":{},"b":{},"_coverageSchema":"43e27e138ebf9cfc5966b082cf9a028302ed4184","hash":"d569b3093956956357ba45781e0582aa93ddb53e","contentHash":"0524aa6d0165de974a5d013a23766dcd4499d821bb48aedb80420084fae66e4b"},"C:\\Users\\Femi Alayesanmi\\Desktop\\Projects\\Banka-new\\banka\\server\\middlewares\\validations\\users.validations.js":{"path":"C:\\Users\\Femi Alayesanmi\\Desktop\\Projects\\Banka-new\\banka\\server\\middlewares\\validations\\users.validations.js","statementMap":{"0":{"start":{"line":3,"column":29},"end":{"line":3,"column":84}},"1":{"start":{"line":5,"column":0},"end":{"line":7,"column":3}},"2":{"start":{"line":8,"column":0},"end":{"line":8,"column":28}},"3":{"start":{"line":10,"column":19},"end":{"line":10,"column":80}},"4":{"start":{"line":12,"column":25},"end":{"line":12,"column":99}},"5":{"start":{"line":14,"column":23},"end":{"line":14,"column":95}},"6":{"start":{"line":16,"column":20},"end":{"line":16,"column":89}},"7":{"start":{"line":18,"column":19},"end":{"line":18,"column":79}},"8":{"start":{"line":30,"column":0},"end":{"line":180,"column":3}},"9":{"start":{"line":32,"column":4},"end":{"line":32,"column":61}},"10":{"start":{"line":35,"column":2},"end":{"line":178,"column":6}},"11":{"start":{"line":46,"column":36},"end":{"line":111,"column":9}},"12":{"start":{"line":50,"column":8},"end":{"line":110,"column":20}},"13":{"start":{"line":51,"column":10},"end":{"line":109,"column":11}},"14":{"start":{"line":52,"column":12},"end":{"line":108,"column":13}},"15":{"start":{"line":54,"column":16},"end":{"line":54,"column":32}},"16":{"start":{"line":55,"column":16},"end":{"line":55,"column":28}},"17":{"start":{"line":56,"column":16},"end":{"line":56,"column":77}},"18":{"start":{"line":57,"column":16},"end":{"line":57,"column":74}},"19":{"start":{"line":58,"column":16},"end":{"line":58,"column":65}},"20":{"start":{"line":59,"column":16},"end":{"line":59,"column":74}},"21":{"start":{"line":61,"column":16},"end":{"line":63,"column":17}},"22":{"start":{"line":62,"column":18},"end":{"line":62,"column":55}},"23":{"start":{"line":65,"column":16},"end":{"line":67,"column":17}},"24":{"start":{"line":66,"column":18},"end":{"line":66,"column":54}},"25":{"start":{"line":69,"column":16},"end":{"line":71,"column":17}},"26":{"start":{"line":70,"column":18},"end":{"line":70,"column":51}},"27":{"start":{"line":73,"column":16},"end":{"line":80,"column":17}},"28":{"start":{"line":74,"column":18},"end":{"line":74,"column":53}},"29":{"start":{"line":75,"column":18},"end":{"line":75,"column":49}},"30":{"start":{"line":77,"column":18},"end":{"line":79,"column":19}},"31":{"start":{"line":78,"column":20},"end":{"line":78,"column":57}},"32":{"start":{"line":82,"column":16},"end":{"line":84,"column":17}},"33":{"start":{"line":83,"column":18},"end":{"line":83,"column":54}},"34":{"start":{"line":86,"column":16},"end":{"line":90,"column":17}},"35":{"start":{"line":87,"column":18},"end":{"line":89,"column":19}},"36":{"start":{"line":88,"column":20},"end":{"line":88,"column":80}},"37":{"start":{"line":92,"column":16},"end":{"line":95,"column":17}},"38":{"start":{"line":93,"column":18},"end":{"line":93,"column":37}},"39":{"start":{"line":94,"column":18},"end":{"line":94,"column":24}},"40":{"start":{"line":97,"column":16},"end":{"line":100,"column":20}},"41":{"start":{"line":103,"column":16},"end":{"line":103,"column":57}},"42":{"start":{"line":107,"column":16},"end":{"line":107,"column":39}},"43":{"start":{"line":114,"column":8},"end":{"line":114,"column":62}},"44":{"start":{"line":117,"column":6},"end":{"line":117,"column":36}},"45":{"start":{"line":130,"column":28},"end":{"line":170,"column":9}},"46":{"start":{"line":134,"column":8},"end":{"line":169,"column":21}},"47":{"start":{"line":135,"column":10},"end":{"line":168,"column":11}},"48":{"start":{"line":136,"column":12},"end":{"line":167,"column":13}},"49":{"start":{"line":138,"column":16},"end":{"line":138,"column":32}},"50":{"start":{"line":139,"column":16},"end":{"line":139,"column":65}},"51":{"start":{"line":140,"column":16},"end":{"line":140,"column":74}},"52":{"start":{"line":141,"column":16},"end":{"line":141,"column":28}},"53":{"start":{"line":143,"column":16},"end":{"line":145,"column":17}},"54":{"start":{"line":144,"column":18},"end":{"line":144,"column":51}},"55":{"start":{"line":147,"column":16},"end":{"line":149,"column":17}},"56":{"start":{"line":148,"column":18},"end":{"line":148,"column":54}},"57":{"start":{"line":151,"column":16},"end":{"line":154,"column":17}},"58":{"start":{"line":152,"column":18},"end":{"line":152,"column":37}},"59":{"start":{"line":153,"column":18},"end":{"line":153,"column":24}},"60":{"start":{"line":156,"column":16},"end":{"line":159,"column":20}},"61":{"start":{"line":162,"column":16},"end":{"line":162,"column":58}},"62":{"start":{"line":166,"column":16},"end":{"line":166,"column":40}},"63":{"start":{"line":173,"column":8},"end":{"line":173,"column":54}},"64":{"start":{"line":176,"column":6},"end":{"line":176,"column":28}},"65":{"start":{"line":179,"column":2},"end":{"line":179,"column":26}},"66":{"start":{"line":182,"column":15},"end":{"line":182,"column":31}},"67":{"start":{"line":183,"column":0},"end":{"line":183,"column":30}}},"fnMap":{"0":{"name":"(anonymous_0)","decl":{"start":{"line":30,"column":0},"end":{"line":30,"column":1}},"loc":{"start":{"line":30,"column":12},"end":{"line":180,"column":1}},"line":30},"1":{"name":"UsersValidations","decl":{"start":{"line":31,"column":11},"end":{"line":31,"column":27}},"loc":{"start":{"line":31,"column":30},"end":{"line":33,"column":3}},"line":31},"2":{"name":"(anonymous_2)","decl":{"start":{"line":45,"column":11},"end":{"line":45,"column":12}},"loc":{"start":{"line":45,"column":23},"end":{"line":118,"column":5}},"line":45},"3":{"name":"_callee","decl":{"start":{"line":48,"column":44},"end":{"line":48,"column":51}},"loc":{"start":{"line":48,"column":68},"end":{"line":111,"column":7}},"line":48},"4":{"name":"_callee$","decl":{"start":{"line":50,"column":53},"end":{"line":50,"column":61}},"loc":{"start":{"line":50,"column":72},"end":{"line":110,"column":9}},"line":50},"5":{"name":"checkCreateAccountBody","decl":{"start":{"line":113,"column":15},"end":{"line":113,"column":37}},"loc":{"start":{"line":113,"column":52},"end":{"line":115,"column":7}},"line":113},"6":{"name":"(anonymous_6)","decl":{"start":{"line":129,"column":11},"end":{"line":129,"column":12}},"loc":{"start":{"line":129,"column":23},"end":{"line":177,"column":5}},"line":129},"7":{"name":"_callee2","decl":{"start":{"line":132,"column":44},"end":{"line":132,"column":52}},"loc":{"start":{"line":132,"column":69},"end":{"line":170,"column":7}},"line":132},"8":{"name":"_callee2$","decl":{"start":{"line":134,"column":53},"end":{"line":134,"column":62}},"loc":{"start":{"line":134,"column":74},"end":{"line":169,"column":9}},"line":134},"9":{"name":"checkLoginBody","decl":{"start":{"line":172,"column":15},"end":{"line":172,"column":29}},"loc":{"start":{"line":172,"column":45},"end":{"line":174,"column":7}},"line":172}},"branchMap":{"0":{"loc":{"start":{"line":52,"column":12},"end":{"line":108,"column":13}},"type":"switch","locations":[{"start":{"line":53,"column":14},"end":{"line":100,"column":20}},{"start":{"line":102,"column":14},"end":{"line":103,"column":57}},{"start":{"line":105,"column":14},"end":{"line":105,"column":22}},{"start":{"line":106,"column":14},"end":{"line":107,"column":39}}],"line":52},"1":{"loc":{"start":{"line":56,"column":28},"end":{"line":56,"column":76}},"type":"cond-expr","locations":[{"start":{"line":56,"column":45},"end":{"line":56,"column":68}},{"start":{"line":56,"column":71},"end":{"line":56,"column":76}}],"line":56},"2":{"loc":{"start":{"line":57,"column":27},"end":{"line":57,"column":73}},"type":"cond-expr","locations":[{"start":{"line":57,"column":43},"end":{"line":57,"column":65}},{"start":{"line":57,"column":68},"end":{"line":57,"column":73}}],"line":57},"3":{"loc":{"start":{"line":58,"column":24},"end":{"line":58,"column":64}},"type":"cond-expr","locations":[{"start":{"line":58,"column":37},"end":{"line":58,"column":56}},{"start":{"line":58,"column":59},"end":{"line":58,"column":64}}],"line":58},"4":{"loc":{"start":{"line":59,"column":27},"end":{"line":59,"column":73}},"type":"cond-expr","locations":[{"start":{"line":59,"column":43},"end":{"line":59,"column":65}},{"start":{"line":59,"column":68},"end":{"line":59,"column":73}}],"line":59},"5":{"loc":{"start":{"line":61,"column":16},"end":{"line":63,"column":17}},"type":"if","locations":[{"start":{"line":61,"column":16},"end":{"line":63,"column":17}},{"start":{"line":61,"column":16},"end":{"line":63,"column":17}}],"line":61},"6":{"loc":{"start":{"line":61,"column":20},"end":{"line":61,"column":56}},"type":"binary-expr","locations":[{"start":{"line":61,"column":20},"end":{"line":61,"column":30}},{"start":{"line":61,"column":34},"end":{"line":61,"column":56}}],"line":61},"7":{"loc":{"start":{"line":65,"column":16},"end":{"line":67,"column":17}},"type":"if","locations":[{"start":{"line":65,"column":16},"end":{"line":67,"column":17}},{"start":{"line":65,"column":16},"end":{"line":67,"column":17}}],"line":65},"8":{"loc":{"start":{"line":65,"column":20},"end":{"line":65,"column":54}},"type":"binary-expr","locations":[{"start":{"line":65,"column":20},"end":{"line":65,"column":29}},{"start":{"line":65,"column":33},"end":{"line":65,"column":54}}],"line":65},"9":{"loc":{"start":{"line":69,"column":16},"end":{"line":71,"column":17}},"type":"if","locations":[{"start":{"line":69,"column":16},"end":{"line":71,"column":17}},{"start":{"line":69,"column":16},"end":{"line":71,"column":17}}],"line":69},"10":{"loc":{"start":{"line":69,"column":20},"end":{"line":69,"column":48}},"type":"binary-expr","locations":[{"start":{"line":69,"column":20},"end":{"line":69,"column":26}},{"start":{"line":69,"column":30},"end":{"line":69,"column":48}}],"line":69},"11":{"loc":{"start":{"line":73,"column":16},"end":{"line":80,"column":17}},"type":"if","locations":[{"start":{"line":73,"column":16},"end":{"line":80,"column":17}},{"start":{"line":73,"column":16},"end":{"line":80,"column":17}}],"line":73},"12":{"loc":{"start":{"line":77,"column":18},"end":{"line":79,"column":19}},"type":"if","locations":[{"start":{"line":77,"column":18},"end":{"line":79,"column":19}},{"start":{"line":77,"column":18},"end":{"line":79,"column":19}}],"line":77},"13":{"loc":{"start":{"line":82,"column":16},"end":{"line":84,"column":17}},"type":"if","locations":[{"start":{"line":82,"column":16},"end":{"line":84,"column":17}},{"start":{"line":82,"column":16},"end":{"line":84,"column":17}}],"line":82},"14":{"loc":{"start":{"line":82,"column":20},"end":{"line":82,"column":54}},"type":"binary-expr","locations":[{"start":{"line":82,"column":20},"end":{"line":82,"column":29}},{"start":{"line":82,"column":33},"end":{"line":82,"column":54}}],"line":82},"15":{"loc":{"start":{"line":86,"column":16},"end":{"line":90,"column":17}},"type":"if","locations":[{"start":{"line":86,"column":16},"end":{"line":90,"column":17}},{"start":{"line":86,"column":16},"end":{"line":90,"column":17}}],"line":86},"16":{"loc":{"start":{"line":87,"column":18},"end":{"line":89,"column":19}},"type":"if","locations":[{"start":{"line":87,"column":18},"end":{"line":89,"column":19}},{"start":{"line":87,"column":18},"end":{"line":89,"column":19}}],"line":87},"17":{"loc":{"start":{"line":87,"column":24},"end":{"line":87,"column":69}},"type":"binary-expr","locations":[{"start":{"line":87,"column":24},"end":{"line":87,"column":44}},{"start":{"line":87,"column":48},"end":{"line":87,"column":69}}],"line":87},"18":{"loc":{"start":{"line":92,"column":16},"end":{"line":95,"column":17}},"type":"if","locations":[{"start":{"line":92,"column":16},"end":{"line":95,"column":17}},{"start":{"line":92,"column":16},"end":{"line":95,"column":17}}],"line":92},"19":{"loc":{"start":{"line":136,"column":12},"end":{"line":167,"column":13}},"type":"switch","locations":[{"start":{"line":137,"column":14},"end":{"line":159,"column":20}},{"start":{"line":161,"column":14},"end":{"line":162,"column":58}},{"start":{"line":164,"column":14},"end":{"line":164,"column":21}},{"start":{"line":165,"column":14},"end":{"line":166,"column":40}}],"line":136},"20":{"loc":{"start":{"line":139,"column":24},"end":{"line":139,"column":64}},"type":"cond-expr","locations":[{"start":{"line":139,"column":37},"end":{"line":139,"column":56}},{"start":{"line":139,"column":59},"end":{"line":139,"column":64}}],"line":139},"21":{"loc":{"start":{"line":140,"column":27},"end":{"line":140,"column":73}},"type":"cond-expr","locations":[{"start":{"line":140,"column":43},"end":{"line":140,"column":65}},{"start":{"line":140,"column":68},"end":{"line":140,"column":73}}],"line":140},"22":{"loc":{"start":{"line":143,"column":16},"end":{"line":145,"column":17}},"type":"if","locations":[{"start":{"line":143,"column":16},"end":{"line":145,"column":17}},{"start":{"line":143,"column":16},"end":{"line":145,"column":17}}],"line":143},"23":{"loc":{"start":{"line":143,"column":20},"end":{"line":143,"column":48}},"type":"binary-expr","locations":[{"start":{"line":143,"column":20},"end":{"line":143,"column":26}},{"start":{"line":143,"column":30},"end":{"line":143,"column":48}}],"line":143},"24":{"loc":{"start":{"line":147,"column":16},"end":{"line":149,"column":17}},"type":"if","locations":[{"start":{"line":147,"column":16},"end":{"line":149,"column":17}},{"start":{"line":147,"column":16},"end":{"line":149,"column":17}}],"line":147},"25":{"loc":{"start":{"line":147,"column":20},"end":{"line":147,"column":54}},"type":"binary-expr","locations":[{"start":{"line":147,"column":20},"end":{"line":147,"column":29}},{"start":{"line":147,"column":33},"end":{"line":147,"column":54}}],"line":147},"26":{"loc":{"start":{"line":151,"column":16},"end":{"line":154,"column":17}},"type":"if","locations":[{"start":{"line":151,"column":16},"end":{"line":154,"column":17}},{"start":{"line":151,"column":16},"end":{"line":154,"column":17}}],"line":151}},"s":{"0":1,"1":1,"2":1,"3":1,"4":1,"5":1,"6":1,"7":1,"8":1,"9":0,"10":1,"11":1,"12":5,"13":10,"14":12,"15":5,"16":5,"17":5,"18":5,"19":5,"20":5,"21":5,"22":1,"23":5,"24":1,"25":5,"26":0,"27":5,"28":5,"29":5,"30":5,"31":1,"32":5,"33":3,"34":5,"35":2,"36":0,"37":5,"38":2,"39":2,"40":3,"41":2,"42":5,"43":5,"44":1,"45":1,"46":7,"47":14,"48":19,"49":7,"50":7,"51":7,"52":7,"53":7,"54":2,"55":7,"56":1,"57":7,"58":5,"59":5,"60":2,"61":5,"62":7,"63":7,"64":1,"65":1,"66":1,"67":1},"f":{"0":1,"1":0,"2":1,"3":5,"4":10,"5":5,"6":1,"7":7,"8":14,"9":7},"b":{"0":[5,2,0,5],"1":[5,0],"2":[5,0],"3":[5,0],"4":[3,2],"5":[1,4],"6":[5,4],"7":[1,4],"8":[5,4],"9":[0,5],"10":[5,5],"11":[5,0],"12":[1,4],"13":[3,2],"14":[5,2],"15":[2,3],"16":[0,2],"17":[2,2],"18":[2,3],"19":[7,5,0,7],"20":[6,1],"21":[7,0],"22":[2,5],"23":[7,5],"24":[1,6],"25":[7,6],"26":[5,2]},"_coverageSchema":"43e27e138ebf9cfc5966b082cf9a028302ed4184","hash":"2479e16926b528b2e9b503dcb564ba883b91cf01","contentHash":"15acdf914c91f0a066c8dcef117f834b8ce57670d1c3ff422c4a8f9046d56104"},"C:\\Users\\Femi Alayesanmi\\Desktop\\Projects\\Banka-new\\banka\\server\\middlewares\\validations\\trimInputs.js":{"path":"C:\\Users\\Femi Alayesanmi\\Desktop\\Projects\\Banka-new\\banka\\server\\middlewares\\validations\\trimInputs.js","statementMap":{"0":{"start":{"line":3,"column":0},"end":{"line":5,"column":3}},"1":{"start":{"line":6,"column":0},"end":{"line":6,"column":28}},"2":{"start":{"line":11,"column":16},"end":{"line":17,"column":1}},"3":{"start":{"line":12,"column":2},"end":{"line":14,"column":3}},"4":{"start":{"line":13,"column":4},"end":{"line":13,"column":101}},"5":{"start":{"line":16,"column":2},"end":{"line":16,"column":16}},"6":{"start":{"line":19,"column":15},"end":{"line":19,"column":24}},"7":{"start":{"line":20,"column":0},"end":{"line":20,"column":30}}},"fnMap":{"0":{"name":"trimInput","decl":{"start":{"line":11,"column":25},"end":{"line":11,"column":34}},"loc":{"start":{"line":11,"column":51},"end":{"line":17,"column":1}},"line":11}},"branchMap":{"0":{"loc":{"start":{"line":13,"column":22},"end":{"line":13,"column":100}},"type":"cond-expr","locations":[{"start":{"line":13,"column":60},"end":{"line":13,"column":82}},{"start":{"line":13,"column":85},"end":{"line":13,"column":100}}],"line":13}},"s":{"0":1,"1":1,"2":1,"3":16,"4":35,"5":16,"6":1,"7":1},"f":{"0":16},"b":{"0":[31,4]},"_coverageSchema":"43e27e138ebf9cfc5966b082cf9a028302ed4184","hash":"8988bd1be14d50fc8bafbe8d88c6386773564841","contentHash":"e4be1b962a051d61104df787dde1fcad0f211ab116749b705f899071b28ca71f"},"C:\\Users\\Femi Alayesanmi\\Desktop\\Projects\\Banka-new\\banka\\server\\routes\\accounts.route.js":{"path":"C:\\Users\\Femi Alayesanmi\\Desktop\\Projects\\Banka-new\\banka\\server\\routes\\accounts.route.js","statementMap":{"0":{"start":{"line":3,"column":29},"end":{"line":3,"column":84}},"1":{"start":{"line":5,"column":0},"end":{"line":7,"column":3}},"2":{"start":{"line":8,"column":0},"end":{"line":8,"column":28}},"3":{"start":{"line":10,"column":15},"end":{"line":10,"column":57}},"4":{"start":{"line":12,"column":15},"end":{"line":12,"column":84}},"5":{"start":{"line":14,"column":22},"end":{"line":14,"column":86}},"6":{"start":{"line":16,"column":18},"end":{"line":16,"column":90}},"7":{"start":{"line":18,"column":16},"end":{"line":18,"column":97}},"8":{"start":{"line":21,"column":13},"end":{"line":21,"column":41}},"9":{"start":{"line":23,"column":0},"end":{"line":23,"column":165}},"10":{"start":{"line":24,"column":0},"end":{"line":24,"column":174}},"11":{"start":{"line":25,"column":0},"end":{"line":25,"column":111}},"12":{"start":{"line":26,"column":15},"end":{"line":26,"column":21}},"13":{"start":{"line":27,"column":0},"end":{"line":27,"column":30}}},"fnMap":{},"branchMap":{},"s":{"0":1,"1":1,"2":1,"3":1,"4":1,"5":1,"6":1,"7":1,"8":1,"9":1,"10":1,"11":1,"12":1,"13":1},"f":{},"b":{},"_coverageSchema":"43e27e138ebf9cfc5966b082cf9a028302ed4184","hash":"a6fe242deedda4665619e5f3f715033ebde08549","contentHash":"62bfc7b5fe283eaff709736f14af60cef1dcbd16420df9c6765f751fd98b0583"},"C:\\Users\\Femi Alayesanmi\\Desktop\\Projects\\Banka-new\\banka\\server\\controllers\\account.controllers.js":{"path":"C:\\Users\\Femi Alayesanmi\\Desktop\\Projects\\Banka-new\\banka\\server\\controllers\\account.controllers.js","statementMap":{"0":{"start":{"line":3,"column":29},"end":{"line":3,"column":84}},"1":{"start":{"line":5,"column":0},"end":{"line":7,"column":3}},"2":{"start":{"line":8,"column":0},"end":{"line":8,"column":28}},"3":{"start":{"line":10,"column":19},"end":{"line":10,"column":80}},"4":{"start":{"line":12,"column":25},"end":{"line":12,"column":99}},"5":{"start":{"line":14,"column":23},"end":{"line":14,"column":95}},"6":{"start":{"line":16,"column":20},"end":{"line":16,"column":89}},"7":{"start":{"line":18,"column":15},"end":{"line":18,"column":78}},"8":{"start":{"line":20,"column":22},"end":{"line":20,"column":86}},"9":{"start":{"line":22,"column":19},"end":{"line":22,"column":76}},"10":{"start":{"line":31,"column":0},"end":{"line":237,"column":3}},"11":{"start":{"line":33,"column":4},"end":{"line":33,"column":63}},"12":{"start":{"line":36,"column":2},"end":{"line":235,"column":6}},"13":{"start":{"line":48,"column":27},"end":{"line":92,"column":9}},"14":{"start":{"line":52,"column":8},"end":{"line":91,"column":36}},"15":{"start":{"line":53,"column":10},"end":{"line":90,"column":11}},"16":{"start":{"line":54,"column":12},"end":{"line":89,"column":13}},"17":{"start":{"line":56,"column":16},"end":{"line":56,"column":34}},"18":{"start":{"line":57,"column":16},"end":{"line":57,"column":34}},"19":{"start":{"line":58,"column":16},"end":{"line":58,"column":67}},"20":{"start":{"line":61,"column":16},"end":{"line":61,"column":37}},"21":{"start":{"line":63,"column":16},"end":{"line":66,"column":17}},"22":{"start":{"line":64,"column":18},"end":{"line":64,"column":36}},"23":{"start":{"line":65,"column":18},"end":{"line":65,"column":24}},"24":{"start":{"line":68,"column":16},"end":{"line":71,"column":20}},"25":{"start":{"line":74,"column":16},"end":{"line":77,"column":20}},"26":{"start":{"line":80,"column":16},"end":{"line":80,"column":34}},"27":{"start":{"line":81,"column":16},"end":{"line":81,"column":51}},"28":{"start":{"line":82,"column":16},"end":{"line":84,"column":20}},"29":{"start":{"line":88,"column":16},"end":{"line":88,"column":39}},"30":{"start":{"line":95,"column":8},"end":{"line":95,"column":53}},"31":{"start":{"line":98,"column":6},"end":{"line":98,"column":27}},"32":{"start":{"line":112,"column":26},"end":{"line":160,"column":9}},"33":{"start":{"line":117,"column":8},"end":{"line":159,"column":37}},"34":{"start":{"line":118,"column":10},"end":{"line":158,"column":11}},"35":{"start":{"line":119,"column":12},"end":{"line":157,"column":13}},"36":{"start":{"line":121,"column":16},"end":{"line":121,"column":35}},"37":{"start":{"line":122,"column":16},"end":{"line":122,"column":35}},"38":{"start":{"line":123,"column":16},"end":{"line":123,"column":92}},"39":{"start":{"line":126,"column":16},"end":{"line":126,"column":48}},"40":{"start":{"line":128,"column":16},"end":{"line":131,"column":17}},"41":{"start":{"line":129,"column":18},"end":{"line":129,"column":37}},"42":{"start":{"line":130,"column":18},"end":{"line":130,"column":24}},"43":{"start":{"line":133,"column":16},"end":{"line":136,"column":20}},"44":{"start":{"line":139,"column":16},"end":{"line":145,"column":20}},"45":{"start":{"line":148,"column":16},"end":{"line":148,"column":35}},"46":{"start":{"line":149,"column":16},"end":{"line":149,"column":53}},"47":{"start":{"line":150,"column":16},"end":{"line":152,"column":20}},"48":{"start":{"line":156,"column":16},"end":{"line":156,"column":40}},"49":{"start":{"line":163,"column":8},"end":{"line":163,"column":52}},"50":{"start":{"line":166,"column":6},"end":{"line":166,"column":26}},"51":{"start":{"line":180,"column":27},"end":{"line":227,"column":9}},"52":{"start":{"line":185,"column":8},"end":{"line":226,"column":37}},"53":{"start":{"line":186,"column":10},"end":{"line":225,"column":11}},"54":{"start":{"line":187,"column":12},"end":{"line":224,"column":13}},"55":{"start":{"line":189,"column":16},"end":{"line":189,"column":35}},"56":{"start":{"line":190,"column":16},"end":{"line":190,"column":35}},"57":{"start":{"line":191,"column":16},"end":{"line":191,"column":83}},"58":{"start":{"line":194,"column":16},"end":{"line":194,"column":49}},"59":{"start":{"line":196,"column":16},"end":{"line":199,"column":17}},"60":{"start":{"line":197,"column":18},"end":{"line":197,"column":37}},"61":{"start":{"line":198,"column":18},"end":{"line":198,"column":24}},"62":{"start":{"line":201,"column":16},"end":{"line":204,"column":20}},"63":{"start":{"line":207,"column":16},"end":{"line":212,"column":20}},"64":{"start":{"line":215,"column":16},"end":{"line":215,"column":35}},"65":{"start":{"line":216,"column":16},"end":{"line":216,"column":53}},"66":{"start":{"line":217,"column":16},"end":{"line":219,"column":20}},"67":{"start":{"line":223,"column":16},"end":{"line":223,"column":40}},"68":{"start":{"line":230,"column":8},"end":{"line":230,"column":53}},"69":{"start":{"line":233,"column":6},"end":{"line":233,"column":27}},"70":{"start":{"line":236,"column":2},"end":{"line":236,"column":28}},"71":{"start":{"line":239,"column":15},"end":{"line":239,"column":33}},"72":{"start":{"line":240,"column":0},"end":{"line":240,"column":30}}},"fnMap":{"0":{"name":"(anonymous_0)","decl":{"start":{"line":31,"column":0},"end":{"line":31,"column":1}},"loc":{"start":{"line":31,"column":12},"end":{"line":237,"column":1}},"line":31},"1":{"name":"AccountControllers","decl":{"start":{"line":32,"column":11},"end":{"line":32,"column":29}},"loc":{"start":{"line":32,"column":32},"end":{"line":34,"column":3}},"line":32},"2":{"name":"(anonymous_2)","decl":{"start":{"line":47,"column":11},"end":{"line":47,"column":12}},"loc":{"start":{"line":47,"column":23},"end":{"line":99,"column":5}},"line":47},"3":{"name":"_callee","decl":{"start":{"line":50,"column":44},"end":{"line":50,"column":51}},"loc":{"start":{"line":50,"column":62},"end":{"line":92,"column":7}},"line":50},"4":{"name":"_callee$","decl":{"start":{"line":52,"column":53},"end":{"line":52,"column":61}},"loc":{"start":{"line":52,"column":72},"end":{"line":91,"column":9}},"line":52},"5":{"name":"createAccount","decl":{"start":{"line":94,"column":15},"end":{"line":94,"column":28}},"loc":{"start":{"line":94,"column":38},"end":{"line":96,"column":7}},"line":94},"6":{"name":"(anonymous_6)","decl":{"start":{"line":111,"column":11},"end":{"line":111,"column":12}},"loc":{"start":{"line":111,"column":23},"end":{"line":167,"column":5}},"line":111},"7":{"name":"_callee2","decl":{"start":{"line":114,"column":44},"end":{"line":114,"column":52}},"loc":{"start":{"line":114,"column":63},"end":{"line":160,"column":7}},"line":114},"8":{"name":"_callee2$","decl":{"start":{"line":117,"column":53},"end":{"line":117,"column":62}},"loc":{"start":{"line":117,"column":74},"end":{"line":159,"column":9}},"line":117},"9":{"name":"patchAccount","decl":{"start":{"line":162,"column":15},"end":{"line":162,"column":27}},"loc":{"start":{"line":162,"column":38},"end":{"line":164,"column":7}},"line":162},"10":{"name":"(anonymous_10)","decl":{"start":{"line":179,"column":11},"end":{"line":179,"column":12}},"loc":{"start":{"line":179,"column":23},"end":{"line":234,"column":5}},"line":179},"11":{"name":"_callee3","decl":{"start":{"line":182,"column":44},"end":{"line":182,"column":52}},"loc":{"start":{"line":182,"column":63},"end":{"line":227,"column":7}},"line":182},"12":{"name":"_callee3$","decl":{"start":{"line":185,"column":53},"end":{"line":185,"column":62}},"loc":{"start":{"line":185,"column":74},"end":{"line":226,"column":9}},"line":185},"13":{"name":"deleteAccount","decl":{"start":{"line":229,"column":15},"end":{"line":229,"column":28}},"loc":{"start":{"line":229,"column":39},"end":{"line":231,"column":7}},"line":229}},"branchMap":{"0":{"loc":{"start":{"line":54,"column":12},"end":{"line":89,"column":13}},"type":"switch","locations":[{"start":{"line":55,"column":14},"end":{"line":58,"column":67}},{"start":{"line":60,"column":14},"end":{"line":71,"column":20}},{"start":{"line":73,"column":14},"end":{"line":77,"column":20}},{"start":{"line":79,"column":14},"end":{"line":84,"column":20}},{"start":{"line":86,"column":14},"end":{"line":86,"column":22}},{"start":{"line":87,"column":14},"end":{"line":88,"column":39}}],"line":54},"1":{"loc":{"start":{"line":63,"column":16},"end":{"line":66,"column":17}},"type":"if","locations":[{"start":{"line":63,"column":16},"end":{"line":66,"column":17}},{"start":{"line":63,"column":16},"end":{"line":66,"column":17}}],"line":63},"2":{"loc":{"start":{"line":119,"column":12},"end":{"line":157,"column":13}},"type":"switch","locations":[{"start":{"line":120,"column":14},"end":{"line":123,"column":92}},{"start":{"line":125,"column":14},"end":{"line":136,"column":20}},{"start":{"line":138,"column":14},"end":{"line":145,"column":20}},{"start":{"line":147,"column":14},"end":{"line":152,"column":20}},{"start":{"line":154,"column":14},"end":{"line":154,"column":22}},{"start":{"line":155,"column":14},"end":{"line":156,"column":40}}],"line":119},"3":{"loc":{"start":{"line":128,"column":16},"end":{"line":131,"column":17}},"type":"if","locations":[{"start":{"line":128,"column":16},"end":{"line":131,"column":17}},{"start":{"line":128,"column":16},"end":{"line":131,"column":17}}],"line":128},"4":{"loc":{"start":{"line":187,"column":12},"end":{"line":224,"column":13}},"type":"switch","locations":[{"start":{"line":188,"column":14},"end":{"line":191,"column":83}},{"start":{"line":193,"column":14},"end":{"line":204,"column":20}},{"start":{"line":206,"column":14},"end":{"line":212,"column":20}},{"start":{"line":214,"column":14},"end":{"line":219,"column":20}},{"start":{"line":221,"column":14},"end":{"line":221,"column":22}},{"start":{"line":222,"column":14},"end":{"line":223,"column":40}}],"line":187},"5":{"loc":{"start":{"line":196,"column":16},"end":{"line":199,"column":17}},"type":"if","locations":[{"start":{"line":196,"column":16},"end":{"line":199,"column":17}},{"start":{"line":196,"column":16},"end":{"line":199,"column":17}}],"line":196}},"s":{"0":1,"1":1,"2":1,"3":1,"4":1,"5":1,"6":1,"7":1,"8":1,"9":1,"10":1,"11":0,"12":1,"13":1,"14":2,"15":6,"16":7,"17":2,"18":2,"19":2,"20":2,"21":2,"22":1,"23":1,"24":1,"25":1,"26":0,"27":0,"28":0,"29":2,"30":2,"31":1,"32":1,"33":2,"34":6,"35":7,"36":2,"37":2,"38":2,"39":2,"40":2,"41":1,"42":1,"43":1,"44":1,"45":0,"46":0,"47":0,"48":2,"49":2,"50":1,"51":1,"52":2,"53":6,"54":7,"55":2,"56":2,"57":2,"58"
[...]
:{"line":3,"column":29},"end":{"line":3,"column":84}},"1":{"start":{"line":5,"column":30},"end":{"line":5,"column":86}},"2":{"start":{"line":7,"column":12},"end":{"line":7,"column":52}},"3":{"start":{"line":9,"column":16},"end":{"line":9,"column":60}},"4":{"start":{"line":11,"column":13},"end":{"line":11,"column":56}},"5":{"start":{"line":14,"column":0},"end":{"line":14,"column":43}},"6":{"start":{"line":16,"column":0},"end":{"line":152,"column":3}},"7":{"start":{"line":17,"column":17},"end":{"line":61,"column":3}},"8":{"start":{"line":62,"column":2},"end":{"line":71,"column":5}},"9":{"start":{"line":63,"column":4},"end":{"line":70,"column":7}},"10":{"start":{"line":64,"column":6},"end":{"line":69,"column":9}},"11":{"start":{"line":65,"column":8},"end":{"line":65,"column":55}},"12":{"start":{"line":66,"column":8},"end":{"line":66,"column":61}},"13":{"start":{"line":67,"column":8},"end":{"line":67,"column":51}},"14":{"start":{"line":68,"column":8},"end":{"line":68,"column":15}},"15":{"start":{"line":72,"column":2},"end":{"line":81,"column":5}},"16":{"start":{"line":73,"column":4},"end":{"line":80,"column":7}},"17":{"start":{"line":74,"column":6},"end":{"line":79,"column":9}},"18":{"start":{"line":75,"column":8},"end":{"line":75,"column":55}},"19":{"start":{"line":76,"column":8},"end":{"line":76,"column":63}},"20":{"start":{"line":77,"column":8},"end":{"line":77,"column":51}},"21":{"start":{"line":78,"column":8},"end":{"line":78,"column":15}},"22":{"start":{"line":82,"column":2},"end":{"line":91,"column":5}},"23":{"start":{"line":83,"column":4},"end":{"line":90,"column":7}},"24":{"start":{"line":84,"column":6},"end":{"line":89,"column":9}},"25":{"start":{"line":85,"column":8},"end":{"line":85,"column":55}},"26":{"start":{"line":86,"column":8},"end":{"line":86,"column":63}},"27":{"start":{"line":87,"column":8},"end":{"line":87,"column":51}},"28":{"start":{"line":88,"column":8},"end":{"line":88,"column":15}},"29":{"start":{"line":92,"column":2},"end":{"line":101,"column":5}},"30":{"start":{"line":93,"column":4},"end":{"line":100,"column":7}},"31":{"start":{"line":94,"column":6},"end":{"line":99,"column":9}},"32":{"start":{"line":95,"column":8},"end":{"line":95,"column":55}},"33":{"start":{"line":96,"column":8},"end":{"line":96,"column":63}},"34":{"start":{"line":97,"column":8},"end":{"line":97,"column":51}},"35":{"start":{"line":98,"column":8},"end":{"line":98,"column":15}},"36":{"start":{"line":102,"column":2},"end":{"line":111,"column":5}},"37":{"start":{"line":103,"column":4},"end":{"line":110,"column":7}},"38":{"start":{"line":104,"column":6},"end":{"line":109,"column":9}},"39":{"start":{"line":105,"column":8},"end":{"line":105,"column":55}},"40":{"start":{"line":106,"column":8},"end":{"line":106,"column":63}},"41":{"start":{"line":107,"column":8},"end":{"line":107,"column":51}},"42":{"start":{"line":108,"column":8},"end":{"line":108,"column":15}},"43":{"start":{"line":112,"column":2},"end":{"line":121,"column":5}},"44":{"start":{"line":113,"column":4},"end":{"line":120,"column":7}},"45":{"start":{"line":114,"column":6},"end":{"line":119,"column":9}},"46":{"start":{"line":115,"column":8},"end":{"line":115,"column":55}},"47":{"start":{"line":116,"column":8},"end":{"line":116,"column":63}},"48":{"start":{"line":117,"column":8},"end":{"line":117,"column":51}},"49":{"start":{"line":118,"column":8},"end":{"line":118,"column":15}},"50":{"start":{"line":122,"column":2},"end":{"line":131,"column":5}},"51":{"start":{"line":123,"column":4},"end":{"line":130,"column":7}},"52":{"start":{"line":124,"column":6},"end":{"line":129,"column":9}},"53":{"start":{"line":125,"column":8},"end":{"line":125,"column":55}},"54":{"start":{"line":126,"column":8},"end":{"line":126,"column":62}},"55":{"start":{"line":127,"column":8},"end":{"line":127,"column":51}},"56":{"start":{"line":128,"column":8},"end":{"line":128,"column":15}},"57":{"start":{"line":132,"column":2},"end":{"line":141,"column":5}},"58":{"start":{"line":133,"column":4},"end":{"line":140,"column":7}},"59":{"start":{"line":134,"column":6},"end":{"line":139,"column":9}},"60":{"start":{"line":135,"column":8},"end":{"line":135,"column":55}},"61":{"start":{"line":136,"column":8},"end":{"line":136,"column":61}},"62":{"start":{"line":137,"column":8},"end":{"line":137,"column":51}},"63":{"start":{"line":138,"column":8},"end":{"line":138,"column":15}},"64":{"start":{"line":142,"column":2},"end":{"line":151,"column":5}},"65":{"start":{"line":143,"column":4},"end":{"line":150,"column":7}},"66":{"start":{"line":144,"column":6},"end":{"line":149,"column":9}},"67":{"start":{"line":145,"column":8},"end":{"line":145,"column":55}},"68":{"start":{"line":146,"column":8},"end":{"line":146,"column":63}},"69":{"start":{"line":147,"column":8},"end":{"line":147,"column":51}},"70":{"start":{"line":148,"column":8},"end":{"line":148,"column":15}}},"fnMap":{"0":{"name":"(anonymous_0)","decl":{"start":{"line":16,"column":68},"end":{"line":16,"column":69}},"loc":{"start":{"line":16,"column":80},"end":{"line":152,"column":1}},"line":16},"1":{"name":"(anonymous_1)","decl":{"start":{"line":62,"column":40},"end":{"line":62,"column":41}},"loc":{"start":{"line":62,"column":52},"end":{"line":71,"column":3}},"line":62},"2":{"name":"(anonymous_2)","decl":{"start":{"line":63,"column":38},"end":{"line":63,"column":39}},"loc":{"start":{"line":63,"column":54},"end":{"line":70,"column":5}},"line":63},"3":{"name":"(anonymous_3)","decl":{"start":{"line":64,"column":102},"end":{"line":64,"column":103}},"loc":{"start":{"line":64,"column":122},"end":{"line":69,"column":7}},"line":64},"4":{"name":"(anonymous_4)","decl":{"start":{"line":72,"column":47},"end":{"line":72,"column":48}},"loc":{"start":{"line":72,"column":59},"end":{"line":81,"column":3}},"line":72},"5":{"name":"(anonymous_5)","decl":{"start":{"line":73,"column":35},"end":{"line":73,"column":36}},"loc":{"start":{"line":73,"column":51},"end":{"line":80,"column":5}},"line":73},"6":{"name":"(anonymous_6)","decl":{"start":{"line":74,"column":104},"end":{"line":74,"column":105}},"loc":{"start":{"line":74,"column":124},"end":{"line":79,"column":7}},"line":74},"7":{"name":"(anonymous_7)","decl":{"start":{"line":82,"column":63},"end":{"line":82,"column":64}},"loc":{"start":{"line":82,"column":75},"end":{"line":91,"column":3}},"line":82},"8":{"name":"(anonymous_8)","decl":{"start":{"line":83,"column":35},"end":{"line":83,"column":36}},"loc":{"start":{"line":83,"column":51},"end":{"line":90,"column":5}},"line":83},"9":{"name":"(anonymous_9)","decl":{"start":{"line":84,"column":105},"end":{"line":84,"column":106}},"loc":{"start":{"line":84,"column":125},"end":{"line":89,"column":7}},"line":84},"10":{"name":"(anonymous_10)","decl":{"start":{"line":92,"column":58},"end":{"line":92,"column":59}},"loc":{"start":{"line":92,"column":70},"end":{"line":101,"column":3}},"line":92},"11":{"name":"(anonymous_11)","decl":{"start":{"line":93,"column":35},"end":{"line":93,"column":36}},"loc":{"start":{"line":93,"column":51},"end":{"line":100,"column":5}},"line":93},"12":{"name":"(anonymous_12)","decl":{"start":{"line":94,"column":110},"end":{"line":94,"column":111}},"loc":{"start":{"line":94,"column":130},"end":{"line":99,"column":7}},"line":94},"13":{"name":"(anonymous_13)","decl":{"start":{"line":102,"column":58},"end":{"line":102,"column":59}},"loc":{"start":{"line":102,"column":70},"end":{"line":111,"column":3}},"line":102},"14":{"name":"(anonymous_14)","decl":{"start":{"line":103,"column":38},"end":{"line":103,"column":39}},"loc":{"start":{"line":103,"column":54},"end":{"line":110,"column":5}},"line":103},"15":{"name":"(anonymous_15)","decl":{"start":{"line":104,"column":114},"end":{"line":104,"column":115}},"loc":{"start":{"line":104,"column":134},"end":{"line":109,"column":7}},"line":104},"16":{"name":"(anonymous_16)","decl":{"start":{"line":112,"column":44},"end":{"line":112,"column":45}},"loc":{"start":{"line":112,"column":56},"end":{"line":121,"column":3}},"line":112},"17":{"name":"(anonymous_17)","decl":{"start":{"line":113,"column":59},"end":{"line":113,"column":60}},"loc":{"start":{"line":113,"column":75},"end":{"line":120,"column":5}},"line":113},"18":{"name":"(anonymous_18)","decl":{"start":{"line":114,"column":106},"end":{"line":114,"column":107}},"loc":{"start":{"line":114,"column":126},"end":{"line":119,"column":7}},"line":114},"19":{"name":"(anonymous_19)","decl":{"start":{"line":122,"column":52},"end":{"line":122,"column":53}},"loc":{"start":{"line":122,"column":64},"end":{"line":131,"column":3}},"line":122},"20":{"name":"(anonymous_20)","decl":{"start":{"line":123,"column":79},"end":{"line":123,"column":80}},"loc":{"start":{"line":123,"column":95},"end":{"line":130,"column":5}},"line":123},"21":{"name":"(anonymous_21)","decl":{"start":{"line":124,"column":106},"end":{"line":124,"column":107}},"loc":{"start":{"line":124,"column":126},"end":{"line":129,"column":7}},"line":124},"22":{"name":"(anonymous_22)","decl":{"start":{"line":132,"column":40},"end":{"line":132,"column":41}},"loc":{"start":{"line":132,"column":52},"end":{"line":141,"column":3}},"line":132},"23":{"name":"(anonymous_23)","decl":{"start":{"line":133,"column":44},"end":{"line":133,"column":45}},"loc":{"start":{"line":133,"column":60},"end":{"line":140,"column":5}},"line":133},"24":{"name":"(anonymous_24)","decl":{"start":{"line":134,"column":103},"end":{"line":134,"column":104}},"loc":{"start":{"line":134,"column":123},"end":{"line":139,"column":7}},"line":134},"25":{"name":"(anonymous_25)","decl":{"start":{"line":142,"column":44},"end":{"line":142,"column":45}},"loc":{"start":{"line":142,"column":56},"end":{"line":151,"column":3}},"line":142},"26":{"name":"(anonymous_26)","decl":{"start":{"line":143,"column":50},"end":{"line":143,"column":51}},"loc":{"start":{"line":143,"column":66},"end":{"line":150,"column":5}},"line":143},"27":{"name":"(anonymous_27)","decl":{"start":{"line":144,"column":115},"end":{"line":144,"column":116}},"loc":{"start":{"line":144,"column":135},"end":{"line":149,"column":7}},"line":144}},"branchMap":{},"s":{"0":1,"1":1,"2":1,"3":1,"4":1,"5":1,"6":1,"7":1,"8":1,"9":1,"10":1,"11":1,"12":1,"13":1,"14":1,"15":1,"16":1,"17":1,"18":1,"19":1,"20":1,"21":1,"22":1,"23":1,"24":1,"25":1,"26":1,"27":1,"28":1,"29":1,"30":1,"31":1,"32":1,"33":1,"34":1,"35":1,"36":1,"37":1,"38":1,"39":1,"40":1,"41":1,"42":1,"43":1,"44":1,"45":1,"46":1,"47":1,"48":1,"49":1,"50":1,"51":1,"52":1,"53":1,"54":1,"55":1,"56":1,"57":1,"58":1,"59":1,"60":1,"61":1,"62":1,"63":1,"64":1,"65":1,"66":1,"67":1,"68":1,"69":1,"70":1},"f":{"0":1,"1":1,"2":1,"3":1,"4":1,"5":1,"6":1,"7":1,"8":1,"9":1,"10":1,"11":1,"12":1,"13":1,"14":1,"15":1,"16":1,"17":1,"18":1,"19":1,"20":1,"21":1,"22":1,"23":1,"24":1,"25":1,"26":1,"27":1},"b":{},"_coverageSchema":"43e27e138ebf9cfc5966b082cf9a028302ed4184","hash":"3c1d02f7c6c299815d94f24c5e0d2f60dfab5de8","contentHash":"51befdf448741a70fd05cfaebb5d980183944c77937d8489fe3fdbff6468ecbd"},"C:\\Users\\Femi Alayesanmi\\Desktop\\Projects\\Banka-new\\banka\\server\\test\\transactions_test.js":{"path":"C:\\Users\\Femi Alayesanmi\\Desktop\\Projects\\Banka-new\\banka\\server\\test\\transactions_test.js","statementMap":{"0":{"start":{"line":3,"column":29},"end":{"line":3,"column":84}},"1":{"start":{"line":5,"column":30},"end":{"line":5,"column":86}},"2":{"start":{"line":7,"column":12},"end":{"line":7,"column":52}},"3":{"start":{"line":9,"column":16},"end":{"line":9,"column":60}},"4":{"start":{"line":11,"column":13},"end":{"line":11,"column":56}},"5":{"start":{"line":14,"column":0},"end":{"line":14,"column":43}},"6":{"start":{"line":16,"column":12},"end":{"line":16,"column":14}},"7":{"start":{"line":17,"column":0},"end":{"line":114,"column":3}},"8":{"start":{"line":18,"column":24},"end":{"line":41,"column":3}},"9":{"start":{"line":42,"column":2},"end":{"line":52,"column":5}},"10":{"start":{"line":43,"column":4},"end":{"line":51,"column":7}},"11":{"start":{"line":44,"column":6},"end":{"line":50,"column":9}},"12":{"start":{"line":45,"column":8},"end":{"line":45,"column":55}},"13":{"start":{"line":46,"column":8},"end":{"line":46,"column":61}},"14":{"start":{"line":47,"column":8},"end":{"line":47,"column":51}},"15":{"start":{"line":48,"column":8},"end":{"line":48,"column":36}},"16":{"start":{"line":49,"column":8},"end":{"line":49,"column":15}},"17":{"start":{"line":53,"column":2},"end":{"line":63,"column":5}},"18":{"start":{"line":54,"column":4},"end":{"line":62,"column":7}},"19":{"start":{"line":55,"column":6},"end":{"line":61,"column":9}},"20":{"start":{"line":56,"column":8},"end":{"line":56,"column":55}},"21":{"start":{"line":57,"column":8},"end":{"line":57,"column":63}},"22":{"start":{"line":58,"column":8},"end":{"line":58,"column":55}},"23":{"start":{"line":59,"column":8},"end":{"line":59,"column":51}},"24":{"start":{"line":60,"column":8},"end":{"line":60,"column":15}},"25":{"start":{"line":64,"column":2},"end":{"line":73,"column":5}},"26":{"start":{"line":65,"column":4},"end":{"line":72,"column":7}},"27":{"start":{"line":66,"column":6},"end":{"line":71,"column":9}},"28":{"start":{"line":67,"column":8},"end":{"line":67,"column":55}},"29":{"start":{"line":68,"column":8},"end":{"line":68,"column":62}},"30":{"start":{"line":69,"column":8},"end":{"line":69,"column":51}},"31":{"start":{"line":70,"column":8},"end":{"line":70,"column":15}},"32":{"start":{"line":74,"column":2},"end":{"line":83,"column":5}},"33":{"start":{"line":75,"column":4},"end":{"line":82,"column":7}},"34":{"start":{"line":76,"column":6},"end":{"line":81,"column":9}},"35":{"start":{"line":77,"column":8},"end":{"line":77,"column":55}},"36":{"start":{"line":78,"column":8},"end":{"line":78,"column":63}},"37":{"start":{"line":79,"column":8},"end":{"line":79,"column":51}},"38":{"start":{"line":80,"column":8},"end":{"line":80,"column":15}},"39":{"start":{"line":84,"column":2},"end":{"line":93,"column":5}},"40":{"start":{"line":85,"column":4},"end":{"line":92,"column":7}},"41":{"start":{"line":86,"column":6},"end":{"line":91,"column":9}},"42":{"start":{"line":87,"column":8},"end":{"line":87,"column":55}},"43":{"start":{"line":88,"column":8},"end":{"line":88,"column":63}},"44":{"start":{"line":89,"column":8},"end":{"line":89,"column":51}},"45":{"start":{"line":90,"column":8},"end":{"line":90,"column":15}},"46":{"start":{"line":94,"column":2},"end":{"line":103,"column":5}},"47":{"start":{"line":95,"column":4},"end":{"line":102,"column":7}},"48":{"start":{"line":96,"column":6},"end":{"line":101,"column":9}},"49":{"start":{"line":97,"column":8},"end":{"line":97,"column":55}},"50":{"start":{"line":98,"column":8},"end":{"line":98,"column":63}},"51":{"start":{"line":99,"column":8},"end":{"line":99,"column":51}},"52":{"start":{"line":100,"column":8},"end":{"line":100,"column":15}},"53":{"start":{"line":104,"column":2},"end":{"line":113,"column":5}},"54":{"start":{"line":105,"column":4},"end":{"line":112,"column":7}},"55":{"start":{"line":106,"column":6},"end":{"line":111,"column":9}},"56":{"start":{"line":107,"column":8},"end":{"line":107,"column":55}},"57":{"start":{"line":108,"column":8},"end":{"line":108,"column":63}},"58":{"start":{"line":109,"column":8},"end":{"line":109,"column":51}},"59":{"start":{"line":110,"column":8},"end":{"line":110,"column":15}}},"fnMap":{"0":{"name":"(anonymous_0)","decl":{"start":{"line":17,"column":43},"end":{"line":17,"column":44}},"loc":{"start":{"line":17,"column":55},"end":{"line":114,"column":1}},"line":17},"1":{"name":"(anonymous_1)","decl":{"start":{"line":42,"column":40},"end":{"line":42,"column":41}},"loc":{"start":{"line":42,"column":52},"end":{"line":52,"column":3}},"line":42},"2":{"name":"(anonymous_2)","decl":{"start":{"line":43,"column":44},"end":{"line":43,"column":45}},"loc":{"start":{"line":43,"column":60},"end":{"line":51,"column":5}},"line":43},"3":{"name":"(anonymous_3)","decl":{"start":{"line":44,"column":115},"end":{"line":44,"column":116}},"loc":{"start":{"line":44,"column":135},"end":{"line":50,"column":7}},"line":44},"4":{"name":"(anonymous_4)","decl":{"start":{"line":53,"column":65},"end":{"line":53,"column":66}},"loc":{"start":{"line":53,"column":77},"end":{"line":63,"column":3}},"line":53},"5":{"name":"(anonymous_5)","decl":{"start":{"line":54,"column":51},"end":{"line":54,"column":52}},"loc":{"start":{"line":54,"column":67},"end":{"line":62,"column":5}},"line":54},"6":{"name":"(anonymous_6)","decl":{"start":{"line":55,"column":198},"end":{"line":55,"column":199}},"loc":{"start":{"line":55,"column":218},"end":{"line":61,"column":7}},"line":55},"7":{"name":"(anonymous_7)","decl":{"start":{"line":64,"column":77},"end":{"line":64,"column":78}},"loc":{"start":{"line":64,"column":89},"end":{"line":73,"column":3}},"line":64},"8":{"name":"(anonymous_8)","decl":{"start":{"line":65,"column":47},"end":{"line":65,"column":48}},"loc":{"start":{"line":65,"column":63},"end":{"line":72,"column":5}},"line":65},"9":{"name":"(anonymous_9)","decl":{"start":{"line":66,"column":132},"end":{"line":66,"column":133}},"loc":{"start":{"line":66,"column":152},"end":{"line":71,"column":7}},"line":66},"10":{"name":"(anonymous_10)","decl":{"start":{"line":74,"column":80},"end":{"line":74,"column":81}},"loc":{"start":{"line":74,"column":92},"end":{"line":83,"column":3}},"line":74},"11":{"name":"(anonymous_11)","decl":{"start":{"line":75,"column":51},"end":{"line":75,"column":52}},"loc":{"start":{"line":75,"column":67},"end":{"line":82,"column":5}},"line":75},"12":{"name":"(anonymous_12)","decl":{"start":{"line":76,"column":157},"end":{"line":76,"column":158}},"loc":{"start":{"line":76,"column":177},"end":{"line":81,"column":7}},"line":76},"13":{"name":"(anonymous_13)","decl":{"start":{"line":84,"column":69},"end":{"line":84,"column":70}},"loc":{"start":{"line":84,"column":81},"end":{"line":93,"column":3}},"line":84},"14":{"name":"(anonymous_14)","decl":{"start":{"line":85,"column":51},"end":{"line":85,"column":52}},"loc":{"start":{"line":85,"column":67},"end":{"line":92,"column":5}},"line":85},"15":{"name":"(anonymous_15)","decl":{"start":{"line":86,"column":162},"end":{"line":86,"column":163}},"loc":{"start":{"line":86,"column":182},"end":{"line":91,"column":7}},"line":86},"16":{"name":"(anonymous_16)","decl":{"start":{"line":94,"column":69},"end":{"line":94,"column":70}},"loc":{"start":{"line":94,"column":81},"end":{"line":103,"column":3}},"line":94},"17":{"name":"(anonymous_17)","decl":{"start":{"line":95,"column":51},"end":{"line":95,"column":52}},"loc":{"start":{"line":95,"column":67},"end":{"line":102,"column":5}},"line":95},"18":{"name":"(anonymous_18)","decl":{"start":{"line":96,"column":162},"end":{"line":96,"column":163}},"loc":{"start":{"line":96,"column":182},"end":{"line":101,"column":7}},"line":96},"19":{"name":"(anonymous_19)","decl":{"start":{"line":104,"column":69},"end":{"line":104,"column":70}},"loc":{"start":{"line":104,"column":81},"end":{"line":113,"column":3}},"line":104},"20":{"name":"(anonymous_20)","decl":{"start":{"line":105,"column":51},"end":{"line":105,"column":52}},"loc":{"start":{"line":105,"column":67},"end":{"line":112,"column":5}},"line":105},"21":{"name":"(anonymous_21)","decl":{"start":{"line":106,"column":162},"end":{"line":106,"column":163}},"loc":{"start":{"line":106,"column":182},"end":{"line":111,"column":7}},"line":106}},"branchMap":{},"s":{"0":1,"1":1,"2":1,"3":1,"4":1,"5":1,"6":1,"7":1,"8":1,"9":1,"10":1,"11":1,"12":1,"13":1,"14":1,"15":1,"16":1,"17":1,"18":1,"19":1,"20":1,"21":1,"22":1,"23":1,"24":1,"25":1,"26":1,"27":1,"28":1,"29":1,"30":1,"31":1,"32":1,"33":1,"34":1,"35":1,"36":1,"37":1,"38":1,"39":1,"40":1,"41":1,"42":1,"43":1,"44":1,"45":1,"46":1,"47":1,"48":1,"49":1,"50":1,"51":1,"52":1,"53":1,"54":1,"55":1,"56":1,"57":1,"58":1,"59":1},"f":{"0":1,"1":1,"2":1,"3":1,"4":1,"5":1,"6":1,"7":1,"8":1,"9":1,"10":1,"11":1,"12":1,"13":1,"14":1,"15":1,"16":1,"17":1,"18":1,"19":1,"20":1,"21":1},"b":{},"_coverageSchema":"43e27e138ebf9cfc5966b082cf9a028302ed4184","hash":"327f5edb2f19438c8210513b178163be59f811d5","contentHash":"1892b2b21f74ad71b80f787644603e096e59c40e2e973cfb4485b485dbcb1b11"}}